"../../../Engine/Plugins/2D/Paper2D/Content/PlaceholderTextures/DummySpriteTexture.ubulk" 0
"../../../Engine/Plugins/2D/Paper2D/Content/PlaceholderTextures/DummySpriteTexture.uasset" 1
"../../../Engine/Plugins/2D/Paper2D/Content/PlaceholderTextures/DummySpriteTexture.uexp" 2
"../../../Engine/Plugins/2D/Paper2D/Content/DummySprite.uasset" 3
"../../../Engine/Plugins/2D/Paper2D/Content/DummySprite.uexp" 4
"../../../Engine/Plugins/2D/Paper2D/Content/DefaultPaperTerrainMaterial.uasset" 5
"../../../Engine/Plugins/2D/Paper2D/Content/DefaultPaperTerrainMaterial.uexp" 6
"../../../Engine/Content/Animation/DefaultRecorderBoneCompression.uasset" 7
"../../../Engine/Content/Animation/DefaultRecorderBoneCompression.uexp" 8
"../../../Engine/Content/EngineFonts/Faces/DroidSansFallback.uexp" 9
"../../../Engine/Content/EngineFonts/Faces/DroidSansFallback.uasset" 10
"../../../Engine/Content/EngineFonts/Faces/DroidSansFallback.ufont" 11
"../../../Engine/Content/EngineFonts/Faces/RobotoBold.uexp" 12
"../../../Engine/Content/EngineFonts/Faces/RobotoBold.uasset" 13
"../../../Engine/Content/EngineFonts/Faces/RobotoBold.ufont" 14
"../../../Engine/Content/EngineFonts/Faces/RobotoBoldItalic.uexp" 15
"../../../Engine/Content/EngineFonts/Faces/RobotoBoldItalic.uasset" 16
"../../../Engine/Content/EngineFonts/Faces/RobotoBoldItalic.ufont" 17
"../../../Engine/Content/EngineFonts/Faces/RobotoItalic.uexp" 18
"../../../Engine/Content/EngineFonts/Faces/RobotoItalic.uasset" 19
"../../../Engine/Content/EngineFonts/Faces/RobotoItalic.ufont" 20
"../../../Engine/Content/EngineFonts/Faces/RobotoLight.uexp" 21
"../../../Engine/Content/EngineFonts/Faces/RobotoLight.uasset" 22
"../../../Engine/Content/EngineFonts/Faces/RobotoLight.ufont" 23
"../../../Engine/Content/EngineFonts/Faces/RobotoRegular.uexp" 24
"../../../Engine/Content/EngineFonts/Faces/RobotoRegular.uasset" 25
"../../../Engine/Content/EngineFonts/Faces/RobotoRegular.ufont" 26
"../../../Engine/Content/EngineFonts/Roboto.uasset" 27
"../../../Engine/Content/EngineFonts/Roboto.uexp" 28
"../../../Engine/Content/EngineMaterials/DefaultDestructiblePhysicalMaterial.uasset" 29
"../../../Engine/Content/EngineMaterials/DefaultDestructiblePhysicalMaterial.uexp" 30
"../../../Engine/Content/EngineMaterials/DefaultPhysicalMaterial.uasset" 31
"../../../Engine/Content/EngineMaterials/DefaultPhysicalMaterial.uexp" 32
"../../../Engine/Content/EngineSounds/Master.uasset" 33
"../../../Engine/Content/EngineSounds/Master.uexp" 34
"../../../Engine/Plugins/Animation/ControlRig/Content/Controls/DefaultGizmoLibraryNormalized.uasset" 35
"../../../Engine/Plugins/Animation/ControlRig/Content/Controls/DefaultGizmoLibraryNormalized.uexp" 36
"../../../Engine/Plugins/2D/Paper2D/Content/DefaultSpriteMaterial.uasset" 37
"../../../Engine/Plugins/2D/Paper2D/Content/DefaultSpriteMaterial.uexp" 38
"../../../Engine/Plugins/2D/Paper2D/Content/MaskedUnlitSpriteMaterial.uasset" 39
"../../../Engine/Plugins/2D/Paper2D/Content/MaskedUnlitSpriteMaterial.uexp" 40
"../../../Engine/Content/EngineMaterials/T_Default_Material_Grid_M.ubulk" 41
"../../../Engine/Content/EngineMaterials/T_Default_Material_Grid_M.uasset" 42
"../../../Engine/Content/EngineMaterials/T_Default_Material_Grid_M.uexp" 43
"../../../Engine/Content/EngineMaterials/T_Default_Material_Grid_N.ubulk" 44
"../../../Engine/Content/EngineMaterials/T_Default_Material_Grid_N.uasset" 45
"../../../Engine/Content/EngineMaterials/T_Default_Material_Grid_N.uexp" 46
"../../../Engine/Content/Functions/Engine_MaterialFunctions01/Opacity/CameraDepthFade.uasset" 47
"../../../Engine/Content/Functions/Engine_MaterialFunctions01/Opacity/CameraDepthFade.uexp" 48
"../../../Engine/Content/EngineMaterials/WorldGridMaterial.uasset" 49
"../../../Engine/Content/EngineMaterials/WorldGridMaterial.uexp" 50
"../../../Engine/Plugins/Media/MediaPlate/Content/SM_MediaPlateScreen.ubulk" 51
"../../../Engine/Plugins/Media/MediaPlate/Content/SM_MediaPlateScreen.uasset" 52
"../../../Engine/Plugins/Media/MediaPlate/Content/SM_MediaPlateScreen.uexp" 53
"../../../Engine/Plugins/2D/Paper2D/Content/OpaqueUnlitSpriteMaterial.uasset" 54
"../../../Engine/Plugins/2D/Paper2D/Content/OpaqueUnlitSpriteMaterial.uexp" 55
"../../../Engine/Content/Functions/Engine_MaterialFunctions02/WorldPositionOffset/CameraOffset.uasset" 56
"../../../Engine/Content/Functions/Engine_MaterialFunctions02/WorldPositionOffset/CameraOffset.uexp" 57
"../../../Engine/Plugins/Animation/ControlRig/Content/M_Manip.uasset" 58
"../../../Engine/Plugins/Animation/ControlRig/Content/M_Manip.uexp" 59
"../../../Engine/Content/EditorLandscapeResources/DefaultAlphaTexture.uasset" 60
"../../../Engine/Content/EditorLandscapeResources/DefaultAlphaTexture.uexp" 61
"../../../Engine/Content/EditorLandscapeResources/ColorMaskBrushMaterial.uasset" 62
"../../../Engine/Content/EditorLandscapeResources/ColorMaskBrushMaterial.uexp" 63
"../../../Engine/Content/EditorLandscapeResources/ColorMaskBrushMaterial_MaskedRegion.uasset" 64
"../../../Engine/Content/EditorLandscapeResources/ColorMaskBrushMaterial_MaskedRegion.uexp" 65
"../../../Engine/Plugins/NNE/NNEDenoiser/Content/NNEDIM_ColorAlbedoNormal_Alpha.uasset" 66
"../../../Engine/Plugins/NNE/NNEDenoiser/Content/NNEDIM_ColorAlbedoNormal_Alpha.uexp" 67
"../../../Engine/Plugins/NNE/NNEDenoiser/Content/NNEDIM_ColorAlbedoNormal_Default.uasset" 68
"../../../Engine/Plugins/NNE/NNEDenoiser/Content/NNEDIM_ColorAlbedoNormal_Default.uexp" 69
"../../../Engine/Plugins/NNE/NNEDenoiser/Content/NNEDIM_HighQuality_Alpha.uasset" 70
"../../../Engine/Plugins/NNE/NNEDenoiser/Content/NNEDIM_HighQuality_Alpha.uexp" 71
"../../../Engine/Plugins/NNE/NNEDenoiser/Content/NNEDIM_HighQuality_Default.uasset" 72
"../../../Engine/Plugins/NNE/NNEDenoiser/Content/NNEDIM_HighQuality_Default.uexp" 73
"../../../Engine/Plugins/NNE/NNEDenoiser/Content/NNEDOM_Output_Alpha.uasset" 74
"../../../Engine/Plugins/NNE/NNEDenoiser/Content/NNEDOM_Output_Alpha.uexp" 75
"../../../Engine/Plugins/NNE/NNEDenoiser/Content/NNEDOM_Output_Default.uasset" 76
"../../../Engine/Plugins/NNE/NNEDenoiser/Content/NNEDOM_Output_Default.uexp" 77
"../../../Engine/Plugins/NNE/NNEDenoiser/Content/NNEDTIM_ColorAlbedoNormal_Alpha.uasset" 78
"../../../Engine/Plugins/NNE/NNEDenoiser/Content/NNEDTIM_ColorAlbedoNormal_Alpha.uexp" 79
"../../../Engine/Plugins/NNE/NNEDenoiser/Content/NNEDTIM_ColorAlbedoNormal_Default.uasset" 80
"../../../Engine/Plugins/NNE/NNEDenoiser/Content/NNEDTIM_ColorAlbedoNormal_Default.uexp" 81
"../../../Engine/Plugins/NNE/NNEDenoiser/Content/NNEDTOM_Output_Alpha.uasset" 82
"../../../Engine/Plugins/NNE/NNEDenoiser/Content/NNEDTOM_Output_Alpha.uexp" 83
"../../../Engine/Plugins/NNE/NNEDenoiser/Content/NNEDTOM_Output_Default.uasset" 84
"../../../Engine/Plugins/NNE/NNEDenoiser/Content/NNEDTOM_Output_Default.uexp" 85
"../../../Engine/Plugins/NNE/NNEDenoiser/Content/NNEDT_Oidn2-3_Balanced.uasset" 86
"../../../Engine/Plugins/NNE/NNEDenoiser/Content/NNEDT_Oidn2-3_Balanced.uexp" 87
"../../../Engine/Plugins/NNE/NNEDenoiser/Content/NNEDT_Oidn2-3_Balanced_Alpha.uasset" 88
"../../../Engine/Plugins/NNE/NNEDenoiser/Content/NNEDT_Oidn2-3_Balanced_Alpha.uexp" 89
"../../../Engine/Plugins/NNE/NNEDenoiser/Content/NNED_Oidn2-3_Balanced.uasset" 90
"../../../Engine/Plugins/NNE/NNEDenoiser/Content/NNED_Oidn2-3_Balanced.uexp" 91
"../../../Engine/Plugins/NNE/NNEDenoiser/Content/NNED_Oidn2-3_Balanced_Alpha.uasset" 92
"../../../Engine/Plugins/NNE/NNEDenoiser/Content/NNED_Oidn2-3_Balanced_Alpha.uexp" 93
"../../../Engine/Plugins/NNE/NNEDenoiser/Content/NNED_Oidn2-3_Fast.uasset" 94
"../../../Engine/Plugins/NNE/NNEDenoiser/Content/NNED_Oidn2-3_Fast.uexp" 95
"../../../Engine/Plugins/NNE/NNEDenoiser/Content/NNED_Oidn2-3_Fast_Alpha.uasset" 96
"../../../Engine/Plugins/NNE/NNEDenoiser/Content/NNED_Oidn2-3_Fast_Alpha.uexp" 97
"../../../Engine/Plugins/NNE/NNEDenoiser/Content/NNED_Oidn2-3_HighQuality.uasset" 98
"../../../Engine/Plugins/NNE/NNEDenoiser/Content/NNED_Oidn2-3_HighQuality.uexp" 99
"../../../Engine/Plugins/NNE/NNEDenoiser/Content/NNED_Oidn2-3_HighQuality_Alpha.uasset" 100
"../../../Engine/Plugins/NNE/NNEDenoiser/Content/NNED_Oidn2-3_HighQuality_Alpha.uexp" 101
"../../../Engine/Plugins/NNE/NNEDenoiser/Content/NNE_oidn2-3-0_rt_hdr_alb_nrm_small__dyn__fp16_opset11_DenoiseAlpha.uasset" 102
"../../../Engine/Plugins/NNE/NNEDenoiser/Content/NNE_oidn2-3-0_rt_hdr_alb_nrm_small__dyn__fp16_opset11_DenoiseAlpha.uexp" 103
"../../../Engine/Plugins/NNE/NNEDenoiser/Content/NNE_oidn2-3-0_rt_hdr_alb_nrm_small__dyn__fp16_opset11_ForwardAlpha.uasset" 104
"../../../Engine/Plugins/NNE/NNEDenoiser/Content/NNE_oidn2-3-0_rt_hdr_alb_nrm_small__dyn__fp16_opset11_ForwardAlpha.uexp" 105
"../../../Engine/Plugins/NNE/NNEDenoiser/Content/NNE_oidn2-3-0_rt_hdr_alb_nrm__dyn__fp16_opset11_DenoiseAlpha.uasset" 106
"../../../Engine/Plugins/NNE/NNEDenoiser/Content/NNE_oidn2-3-0_rt_hdr_alb_nrm__dyn__fp16_opset11_DenoiseAlpha.uexp" 107
"../../../Engine/Plugins/NNE/NNEDenoiser/Content/NNE_oidn2-3-0_rt_hdr_alb_nrm__dyn__fp16_opset11_ForwardAlpha.uasset" 108
"../../../Engine/Plugins/NNE/NNEDenoiser/Content/NNE_oidn2-3-0_rt_hdr_alb_nrm__dyn__fp16_opset11_ForwardAlpha.uexp" 109
"../../../Engine/Plugins/NNE/NNEDenoiser/Content/NNE_oidn2-3-0_rt_hdr_calb_cnrm_large__dyn__fp16_opset11_DenoiseAlpha.uasset" 110
"../../../Engine/Plugins/NNE/NNEDenoiser/Content/NNE_oidn2-3-0_rt_hdr_calb_cnrm_large__dyn__fp16_opset11_DenoiseAlpha.uexp" 111
"../../../Engine/Plugins/NNE/NNEDenoiser/Content/NNE_oidn2-3-0_rt_hdr_calb_cnrm_large__dyn__fp16_opset11_ForwardAlpha.uasset" 112
"../../../Engine/Plugins/NNE/NNEDenoiser/Content/NNE_oidn2-3-0_rt_hdr_calb_cnrm_large__dyn__fp16_opset11_ForwardAlpha.uexp" 113
"../../../Engine/Content/EditorLandscapeResources/LandscapeDirtyMaterial.uasset" 114
"../../../Engine/Content/EditorLandscapeResources/LandscapeDirtyMaterial.uexp" 115
"../../../Engine/Content/BasicShapes/BasicShapeMaterial.uasset" 116
"../../../Engine/Content/BasicShapes/BasicShapeMaterial.uexp" 117
"../../../Engine/Content/EngineMaterials/DefaultDiffuse.ubulk" 118
"../../../Engine/Content/EngineMaterials/DefaultDiffuse.uasset" 119
"../../../Engine/Content/EngineMaterials/DefaultDiffuse.uexp" 120
"../../../Engine/Content/Functions/Engine_MaterialFunctions01/Texturing/TextureCropping.uasset" 121
"../../../Engine/Content/Functions/Engine_MaterialFunctions01/Texturing/TextureCropping.uexp" 122
"../../../Engine/Content/Functions/Engine_MaterialFunctions02/ExampleContent/DebugNumberStrip.uasset" 123
"../../../Engine/Content/Functions/Engine_MaterialFunctions02/ExampleContent/DebugNumberStrip.uexp" 124
"../../../Engine/Content/Functions/Engine_MaterialFunctions01/Debug/DebugIntValues.uasset" 125
"../../../Engine/Content/Functions/Engine_MaterialFunctions01/Debug/DebugIntValues.uexp" 126
"../../../Engine/Content/Functions/Engine_MaterialFunctions02/Utility/BreakOutFloat2Components.uasset" 127
"../../../Engine/Content/Functions/Engine_MaterialFunctions02/Utility/BreakOutFloat2Components.uexp" 128
"../../../Engine/Content/Functions/Engine_MaterialFunctions01/Texturing/ScaleUVsByCenter.uasset" 129
"../../../Engine/Content/Functions/Engine_MaterialFunctions01/Texturing/ScaleUVsByCenter.uexp" 130
"../../../Engine/Content/Functions/Engine_MaterialFunctions02/WorldPositionOffset/LocalPosition.uasset" 131
"../../../Engine/Content/Functions/Engine_MaterialFunctions02/WorldPositionOffset/LocalPosition.uexp" 132
"../../../Engine/Content/EditorLandscapeResources/LandscapeLayerUsageMaterial.uasset" 133
"../../../Engine/Content/EditorLandscapeResources/LandscapeLayerUsageMaterial.uexp" 134
"../../../Engine/Content/EngineMaterials/DefaultMaterial.uasset" 135
"../../../Engine/Content/EngineMaterials/DefaultMaterial.uexp" 136
"../../../Engine/Content/BasicShapes/Cone.ubulk" 137
"../../../Engine/Content/BasicShapes/Cone.uasset" 138
"../../../Engine/Content/BasicShapes/Cone.uexp" 139
"../../../Engine/Content/BasicShapes/Cube.ubulk" 140
"../../../Engine/Content/BasicShapes/Cube.uasset" 141
"../../../Engine/Content/BasicShapes/Cube.uexp" 142
"../../../Engine/Content/EngineFonts/RobotoDistanceField.uasset" 143
"../../../Engine/Content/EngineFonts/RobotoDistanceField.uexp" 144
"../../../Engine/Content/EngineMaterials/DefaultTextMaterialOpaque.uasset" 145
"../../../Engine/Content/EngineMaterials/DefaultTextMaterialOpaque.uexp" 146
"../../../Engine/Content/BasicShapes/Cylinder.ubulk" 147
"../../../Engine/Content/BasicShapes/Cylinder.uasset" 148
"../../../Engine/Content/BasicShapes/Cylinder.uexp" 149
"../../../Engine/Content/EditorLandscapeResources/WhiteSquareTexture.uasset" 150
"../../../Engine/Content/EditorLandscapeResources/WhiteSquareTexture.uexp" 151
"../../../Engine/Content/EditorLandscapeResources/LayerVisMaterial.uasset" 152
"../../../Engine/Content/EditorLandscapeResources/LayerVisMaterial.uexp" 153
"../../../Engine/Content/EngineResources/Black.uasset" 154
"../../../Engine/Content/EngineResources/Black.uexp" 155
"../../../Engine/Content/BasicShapes/Plane.ubulk" 156
"../../../Engine/Content/BasicShapes/Plane.uasset" 157
"../../../Engine/Content/BasicShapes/Plane.uexp" 158
"../../../Engine/Content/EngineDebugMaterials/DebugEditorMaterial.uasset" 159
"../../../Engine/Content/EngineDebugMaterials/DebugEditorMaterial.uexp" 160
"../../../Engine/Content/Functions/Engine_MaterialFunctions02/Utility/MakeFloat3.uasset" 161
"../../../Engine/Content/Functions/Engine_MaterialFunctions02/Utility/MakeFloat3.uexp" 162
"../../../Engine/Content/Functions/Engine_MaterialFunctions03/Math/WithinRangeFloat2.uasset" 163
"../../../Engine/Content/Functions/Engine_MaterialFunctions03/Math/WithinRangeFloat2.uexp" 164
"../../../Engine/Content/EditorLandscapeResources/MaskBrushMaterial.uasset" 165
"../../../Engine/Content/EditorLandscapeResources/MaskBrushMaterial.uexp" 166
"../../../Engine/Content/EditorLandscapeResources/MaskBrushMaterial_MaskedRegion.uasset" 167
"../../../Engine/Content/EditorLandscapeResources/MaskBrushMaterial_MaskedRegion.uexp" 168
"../../../Engine/Content/EngineMaterials/DefaultWhiteGrid.ubulk" 169
"../../../Engine/Content/EngineMaterials/DefaultWhiteGrid.uasset" 170
"../../../Engine/Content/EngineMaterials/DefaultWhiteGrid.uexp" 171
"../../../Engine/Content/BasicShapes/Sphere.ubulk" 172
"../../../Engine/Content/BasicShapes/Sphere.uasset" 173
"../../../Engine/Content/BasicShapes/Sphere.uexp" 174
"../../../Engine/Content/EngineDebugMaterials/DebugMeshMaterial.uasset" 175
"../../../Engine/Content/EngineDebugMaterials/DebugMeshMaterial.uexp" 176
"../../../Engine/Content/EngineResources/DefaultTexture.ubulk" 177
"../../../Engine/Content/EngineResources/DefaultTexture.uasset" 178
"../../../Engine/Content/EngineResources/DefaultTexture.uexp" 179
"../../../Engine/Content/EngineResources/DefaultTextureCube.uasset" 180
"../../../Engine/Content/EngineResources/DefaultTextureCube.uexp" 181
"../../../Engine/Content/EngineMaterials/DefaultWhiteGrid_Low.uasset" 182
"../../../Engine/Content/EngineMaterials/DefaultWhiteGrid_Low.uexp" 183
"../../../Engine/Content/EngineMaterials/EmissiveMeshMaterial.uasset" 184
"../../../Engine/Content/EngineMaterials/EmissiveMeshMaterial.uexp" 185
"../../../Engine/Content/EditorLandscapeResources/SelectBrushMaterial.uasset" 186
"../../../Engine/Content/EditorLandscapeResources/SelectBrushMaterial.uexp" 187
"../../../Engine/Content/EditorLandscapeResources/SelectBrushMaterial_Selected.uasset" 188
"../../../Engine/Content/EditorLandscapeResources/SelectBrushMaterial_Selected.uexp" 189
"../../../Engine/Content/EditorLandscapeResources/SelectBrushMaterial_SelectedRegion.uasset" 190
"../../../Engine/Content/EditorLandscapeResources/SelectBrushMaterial_SelectedRegion.uexp" 191
"../../../Engine/Content/EngineResources/GradientTexture0.uasset" 192
"../../../Engine/Content/EngineResources/GradientTexture0.uexp" 193
"../../../Engine/Content/EngineMaterials/FastBlueNoise_scalar_128x128x64.uasset" 194
"../../../Engine/Content/EngineMaterials/FastBlueNoise_scalar_128x128x64.uexp" 195
"../../../Engine/Content/EditorLandscapeResources/SplineEditorMeshMat.uasset" 196
"../../../Engine/Content/EditorLandscapeResources/SplineEditorMeshMat.uexp" 197
"../../../Engine/Content/EditorLandscapeResources/SplineEditorMesh.ubulk" 198
"../../../Engine/Content/EditorLandscapeResources/SplineEditorMesh.uasset" 199
"../../../Engine/Content/EditorLandscapeResources/SplineEditorMesh.uexp" 200
"../../../Engine/Content/EngineMaterials/FastBlueNoise_scalar_128x128x8.uasset" 201
"../../../Engine/Content/EngineMaterials/FastBlueNoise_scalar_128x128x8.uexp" 202
"../../../Engine/Content/EngineMaterials/FastBlueNoise_vec2_128x128x64.uasset" 203
"../../../Engine/Content/EngineMaterials/FastBlueNoise_vec2_128x128x64.uexp" 204
"../../../Engine/Content/EngineResources/LandscapeVisibilityLayerInfo.uasset" 205
"../../../Engine/Content/EngineResources/LandscapeVisibilityLayerInfo.uexp" 206
"../../../Engine/Content/EngineMaterials/BaseFlattenDiffuseMap.uasset" 207
"../../../Engine/Content/EngineMaterials/BaseFlattenDiffuseMap.uexp" 208
"../../../Engine/Content/EngineMaterials/BaseFlattenEmissiveMap.uasset" 209
"../../../Engine/Content/EngineMaterials/BaseFlattenEmissiveMap.uexp" 210
"../../../Engine/Content/EngineMaterials/BaseFlattenGrayscaleMap.uasset" 211
"../../../Engine/Content/EngineMaterials/BaseFlattenGrayscaleMap.uexp" 212
"../../../Engine/Content/EngineMaterials/BaseFlattenLinearColor.uasset" 213
"../../../Engine/Content/EngineMaterials/BaseFlattenLinearColor.uexp" 214
"../../../Engine/Content/EngineMaterials/BaseFlattenNormalMap.uasset" 215
"../../../Engine/Content/EngineMaterials/BaseFlattenNormalMap.uexp" 216
"../../../Engine/Content/Functions/Engine_MaterialFunctions02/PivotPainter2/Black_1x1_EXR_Texture.uasset" 217
"../../../Engine/Content/Functions/Engine_MaterialFunctions02/PivotPainter2/Black_1x1_EXR_Texture.uexp" 218
"../../../Engine/Content/EngineMaterials/FlattenMaterial.uasset" 219
"../../../Engine/Content/EngineMaterials/FlattenMaterial.uexp" 220
"../../../Engine/Content/EngineMaterials/BaseFlattenDiffuseMap_VT.ubulk" 221
"../../../Engine/Content/EngineMaterials/BaseFlattenDiffuseMap_VT.uasset" 222
"../../../Engine/Content/EngineMaterials/BaseFlattenDiffuseMap_VT.uexp" 223
"../../../Engine/Content/EngineMaterials/BaseFlattenEmissiveMap_VT.ubulk" 224
"../../../Engine/Content/EngineMaterials/BaseFlattenEmissiveMap_VT.uasset" 225
"../../../Engine/Content/EngineMaterials/BaseFlattenEmissiveMap_VT.uexp" 226
"../../../Engine/Content/EngineMaterials/BaseFlattenGrayscaleMap_VT.ubulk" 227
"../../../Engine/Content/EngineMaterials/BaseFlattenGrayscaleMap_VT.uasset" 228
"../../../Engine/Content/EngineMaterials/BaseFlattenGrayscaleMap_VT.uexp" 229
"../../../Engine/Content/EngineMaterials/BaseFlattenLinearColor_VT.ubulk" 230
"../../../Engine/Content/EngineMaterials/BaseFlattenLinearColor_VT.uasset" 231
"../../../Engine/Content/EngineMaterials/BaseFlattenLinearColor_VT.uexp" 232
"../../../Engine/Content/EngineMaterials/BaseFlattenNormalMap_VT.ubulk" 233
"../../../Engine/Content/EngineMaterials/BaseFlattenNormalMap_VT.uasset" 234
"../../../Engine/Content/EngineMaterials/BaseFlattenNormalMap_VT.uexp" 235
"../../../Engine/Content/EngineMaterials/Black_1x1_EXR_Texture_VT.ubulk" 236
"../../../Engine/Content/EngineMaterials/Black_1x1_EXR_Texture_VT.uasset" 237
"../../../Engine/Content/EngineMaterials/Black_1x1_EXR_Texture_VT.uexp" 238
"../../../Engine/Content/EngineMaterials/FlattenMaterial_VT.uasset" 239
"../../../Engine/Content/EngineMaterials/FlattenMaterial_VT.uexp" 240
"../../../Engine/Content/EngineMaterials/FlattenMaterial_WS_Normal_VT.uasset" 241
"../../../Engine/Content/EngineMaterials/FlattenMaterial_WS_Normal_VT.uexp" 242
"../../../Engine/Content/EngineDebugMaterials/M_SimpleUnlitTranslucent.uasset" 243
"../../../Engine/Content/EngineDebugMaterials/M_SimpleUnlitTranslucent.uexp" 244
"../../../Engine/Content/Functions/Engine_MaterialFunctions02/Utility/CameraDirectionVector.uasset" 245
"../../../Engine/Content/Functions/Engine_MaterialFunctions02/Utility/CameraDirectionVector.uexp" 246
"../../../Engine/Content/EngineDebugMaterials/VolumeToRender.uasset" 247
"../../../Engine/Content/EngineDebugMaterials/VolumeToRender.uexp" 248
"../../../Engine/Content/EngineDebugMaterials/M_VolumeRenderSphereTracePP.uasset" 249
"../../../Engine/Content/EngineDebugMaterials/M_VolumeRenderSphereTracePP.uexp" 250
"../../../Engine/Content/EngineMaterials/GizmoMaterial.uasset" 251
"../../../Engine/Content/EngineMaterials/GizmoMaterial.uexp" 252
"../../../Engine/Plugins/Animation/DeformerGraph/Content/DeformerFunctions/DG_Function_LinearBlendSkin_Morph_Cloth.uasset" 253
"../../../Engine/Plugins/Animation/DeformerGraph/Content/DeformerFunctions/DG_Function_LinearBlendSkin_Morph_Cloth.uexp" 254
"../../../Engine/Plugins/Animation/DeformerGraph/Content/Deformers/DG_LinearBlendSkin_Morph_Cloth.uasset" 255
"../../../Engine/Plugins/Animation/DeformerGraph/Content/Deformers/DG_LinearBlendSkin_Morph_Cloth.uexp" 256
"../../../Engine/Plugins/Animation/DeformerGraph/Content/DeformerFunctions/DG_Function_ComputeNormalsTangents.uasset" 257
"../../../Engine/Plugins/Animation/DeformerGraph/Content/DeformerFunctions/DG_Function_ComputeNormalsTangents.uexp" 258
"../../../Engine/Plugins/Animation/DeformerGraph/Content/DeformerFunctions/DG_Function_LinearBlendSkin_Morph_Cloth_PositionOnly.uasset" 259
"../../../Engine/Plugins/Animation/DeformerGraph/Content/DeformerFunctions/DG_Function_LinearBlendSkin_Morph_Cloth_PositionOnly.uexp" 260
"../../../Engine/Plugins/Animation/DeformerGraph/Content/Deformers/DG_LinearBlendSkin_Morph_Cloth_RecomputeNormals.uasset" 261
"../../../Engine/Plugins/Animation/DeformerGraph/Content/Deformers/DG_LinearBlendSkin_Morph_Cloth_RecomputeNormals.uexp" 262
"../../../Engine/Content/EngineSky/M_SimpleSkyDome.uasset" 263
"../../../Engine/Content/EngineSky/M_SimpleSkyDome.uexp" 264
"../../../Engine/Content/EngineMaterials/MiniFont.uasset" 265
"../../../Engine/Content/EngineMaterials/MiniFont.uexp" 266
"../../../Engine/Content/EngineMaterials/InvalidLightmapSettings.ubulk" 267
"../../../Engine/Content/EngineMaterials/InvalidLightmapSettings.uasset" 268
"../../../Engine/Content/EngineMaterials/InvalidLightmapSettings.uexp" 269
"../../../Engine/Content/EngineMaterials/M_InvalidLightmapSettings.uasset" 270
"../../../Engine/Content/EngineMaterials/M_InvalidLightmapSettings.uexp" 271
"../../../Engine/Content/EngineSky/T_Sky_Blue.ubulk" 272
"../../../Engine/Content/EngineSky/T_Sky_Blue.uasset" 273
"../../../Engine/Content/EngineSky/T_Sky_Blue.uexp" 274
"../../../Engine/Content/EngineSky/T_Sky_Clouds_M.ubulk" 275
"../../../Engine/Content/EngineSky/T_Sky_Clouds_M.uasset" 276
"../../../Engine/Content/EngineSky/T_Sky_Clouds_M.uexp" 277
"../../../Engine/Content/EngineSky/T_Sky_Stars.ubulk" 278
"../../../Engine/Content/EngineSky/T_Sky_Stars.uasset" 279
"../../../Engine/Content/EngineSky/T_Sky_Stars.uexp" 280
"../../../Engine/Content/EngineSky/M_Sky_Panning_Clouds2.uasset" 281
"../../../Engine/Content/EngineSky/M_Sky_Panning_Clouds2.uexp" 282
"../../../Engine/Content/EngineSky/SM_SkySphere.ubulk" 283
"../../../Engine/Content/EngineSky/SM_SkySphere.uasset" 284
"../../../Engine/Content/EngineSky/SM_SkySphere.uexp" 285
"../../../Engine/Content/Functions/Engine_MaterialFunctions02/SplitComponents.uasset" 286
"../../../Engine/Content/Functions/Engine_MaterialFunctions02/SplitComponents.uexp" 287
"../../../Engine/Content/Functions/Engine_MaterialFunctions02/Utility/BreakOutFloat3Components.uasset" 288
"../../../Engine/Content/Functions/Engine_MaterialFunctions02/Utility/BreakOutFloat3Components.uexp" 289
"../../../Engine/Content/Functions/Engine_MaterialFunctions02/Math/Transform3x3Matrix.uasset" 290
"../../../Engine/Content/Functions/Engine_MaterialFunctions02/Math/Transform3x3Matrix.uexp" 291
"../../../Engine/Content/VREditor/SnapGrid/SnapGridMaterial.uasset" 292
"../../../Engine/Content/VREditor/SnapGrid/SnapGridMaterial.uexp" 293
"../../../Engine/Content/VREditor/SnapGrid/SnapGridPlaneMesh.ubulk" 294
"../../../Engine/Content/VREditor/SnapGrid/SnapGridPlaneMesh.uasset" 295
"../../../Engine/Content/VREditor/SnapGrid/SnapGridPlaneMesh.uexp" 296
"../../../Engine/Content/VREditor/LaserPointer/VR_LaserPower_01.ubulk" 297
"../../../Engine/Content/VREditor/LaserPointer/VR_LaserPower_01.uasset" 298
"../../../Engine/Content/VREditor/LaserPointer/VR_LaserPower_01.uexp" 299
"../../../Engine/Content/VREditor/TransformGizmo/TransformGizmoMaterial.uasset" 300
"../../../Engine/Content/VREditor/TransformGizmo/TransformGizmoMaterial.uexp" 301
"../../../Engine/Content/VREditor/TransformGizmo/TranslucentTransformGizmoMaterial.uasset" 302
"../../../Engine/Content/VREditor/TransformGizmo/TranslucentTransformGizmoMaterial.uexp" 303
"../../../Engine/Content/VREditor/TransformGizmo/PlaneTranslationHandle.ubulk" 304
"../../../Engine/Content/VREditor/TransformGizmo/PlaneTranslationHandle.uasset" 305
"../../../Engine/Content/VREditor/TransformGizmo/PlaneTranslationHandle.uexp" 306
"../../../Engine/Content/VREditor/TransformGizmo/RotationHandleFull.ubulk" 307
"../../../Engine/Content/VREditor/TransformGizmo/RotationHandleFull.uasset" 308
"../../../Engine/Content/VREditor/TransformGizmo/RotationHandleFull.uexp" 309
"../../../Engine/Content/VREditor/TransformGizmo/RotationHandleIndicator.ubulk" 310
"../../../Engine/Content/VREditor/TransformGizmo/RotationHandleIndicator.uasset" 311
"../../../Engine/Content/VREditor/TransformGizmo/RotationHandleIndicator.uexp" 312
"../../../Engine/Content/VREditor/TransformGizmo/RotationHandleQuarter.ubulk" 313
"../../../Engine/Content/VREditor/TransformGizmo/RotationHandleQuarter.uasset" 314
"../../../Engine/Content/VREditor/TransformGizmo/RotationHandleQuarter.uexp" 315
"../../../Engine/Content/VREditor/TransformGizmo/StartRotationHandleIndicator.ubulk" 316
"../../../Engine/Content/VREditor/TransformGizmo/StartRotationHandleIndicator.uasset" 317
"../../../Engine/Content/VREditor/TransformGizmo/StartRotationHandleIndicator.uexp" 318
"../../../Engine/Content/VREditor/TransformGizmo/TranslucentTransformGizmoMaterial_Inst.uasset" 319
"../../../Engine/Content/VREditor/TransformGizmo/TranslucentTransformGizmoMaterial_Inst.uexp" 320
"../../../Engine/Content/VREditor/TransformGizmo/TransformGizmoFreeRotation.ubulk" 321
"../../../Engine/Content/VREditor/TransformGizmo/TransformGizmoFreeRotation.uasset" 322
"../../../Engine/Content/VREditor/TransformGizmo/TransformGizmoFreeRotation.uexp" 323
"../../../Engine/Content/VREditor/TransformGizmo/TransformGizmoMaterial_Inst.uasset" 324
"../../../Engine/Content/VREditor/TransformGizmo/TransformGizmoMaterial_Inst.uexp" 325
"../../../Engine/Content/VREditor/TransformGizmo/TranslateArrowHandle.ubulk" 326
"../../../Engine/Content/VREditor/TransformGizmo/TranslateArrowHandle.uasset" 327
"../../../Engine/Content/VREditor/TransformGizmo/TranslateArrowHandle.uexp" 328
"../../../Engine/Content/VREditor/TransformGizmo/UniformScaleHandle.ubulk" 329
"../../../Engine/Content/VREditor/TransformGizmo/UniformScaleHandle.uasset" 330
"../../../Engine/Content/VREditor/TransformGizmo/UniformScaleHandle.uexp" 331
"../../../Engine/Content/VREditor/Sounds/UI/Drop_Item_From_ContentBrowser.ubulk" 332
"../../../Engine/Content/VREditor/Sounds/UI/Drop_Item_From_ContentBrowser.uasset" 333
"../../../Engine/Content/VREditor/Sounds/UI/Drop_Item_From_ContentBrowser.uexp" 334
"../../../Engine/Content/VREditor/Sounds/UI/Gizmo_Handle_Clicked.ubulk" 335
"../../../Engine/Content/VREditor/Sounds/UI/Gizmo_Handle_Clicked.uasset" 336
"../../../Engine/Content/VREditor/Sounds/UI/Gizmo_Handle_Clicked.uexp" 337
"../../../Engine/Content/VREditor/Sounds/UI/Object_PickUp.ubulk" 338
"../../../Engine/Content/VREditor/Sounds/UI/Object_PickUp.uasset" 339
"../../../Engine/Content/VREditor/Sounds/UI/Object_PickUp.uexp" 340
"../../../Engine/Content/VREditor/Sounds/UI/Object_Snaps_To_Another_Actor.ubulk" 341
"../../../Engine/Content/VREditor/Sounds/UI/Object_Snaps_To_Another_Actor.uasset" 342
"../../../Engine/Content/VREditor/Sounds/UI/Object_Snaps_To_Another_Actor.uexp" 343
"../../../Engine/Content/VREditor/Sounds/UI/Object_Snaps_To_Grid.ubulk" 344
"../../../Engine/Content/VREditor/Sounds/UI/Object_Snaps_To_Grid.uasset" 345
"../../../Engine/Content/VREditor/Sounds/UI/Object_Snaps_To_Grid.uexp" 346
"../../../Engine/Content/VREditor/Sounds/UI/Scaling_Down.ubulk" 347
"../../../Engine/Content/VREditor/Sounds/UI/Scaling_Down.uasset" 348
"../../../Engine/Content/VREditor/Sounds/UI/Scaling_Down.uexp" 349
"../../../Engine/Content/VREditor/Sounds/UI/Scaling_Up.ubulk" 350
"../../../Engine/Content/VREditor/Sounds/UI/Scaling_Up.uasset" 351
"../../../Engine/Content/VREditor/Sounds/UI/Scaling_Up.uexp" 352
"../../../Engine/Content/VREditor/Sounds/UI/Selection_Changes.ubulk" 353
"../../../Engine/Content/VREditor/Sounds/UI/Selection_Changes.uasset" 354
"../../../Engine/Content/VREditor/Sounds/UI/Selection_Changes.uexp" 355
"../../../Engine/Content/EngineMaterials/NaniteHiddenSectionMaterial.uasset" 356
"../../../Engine/Content/EngineMaterials/NaniteHiddenSectionMaterial.uexp" 357
"../../../Engine/Content/EditorResources/BSPVertex.uasset" 358
"../../../Engine/Content/EditorResources/BSPVertex.uexp" 359
"../../../Engine/Content/EngineMaterials/PhAT_JointLimitMaterial.uasset" 360
"../../../Engine/Content/EngineMaterials/PhAT_JointLimitMaterial.uexp" 361
"../../../Engine/Plugins/Animation/ControlRig/Content/Controls/ControlRigGizmoMaterial.uasset" 362
"../../../Engine/Plugins/Animation/ControlRig/Content/Controls/ControlRigGizmoMaterial.uexp" 363
"../../../Engine/Plugins/Animation/ControlRig/Content/Controls/ControlRigXRayMaterial.uasset" 364
"../../../Engine/Plugins/Animation/ControlRig/Content/Controls/ControlRigXRayMaterial.uexp" 365
"../../../Engine/Content/EngineMaterials/DefaultCalibrationColor.uasset" 366
"../../../Engine/Content/EngineMaterials/DefaultCalibrationColor.uexp" 367
"../../../Engine/Content/EngineMaterials/PPM_DefaultCalibrationColor.uasset" 368
"../../../Engine/Content/EngineMaterials/PPM_DefaultCalibrationColor.uexp" 369
"../../../Engine/Content/EngineMaterials/DefaultCalibrationGrayscale.uasset" 370
"../../../Engine/Content/EngineMaterials/DefaultCalibrationGrayscale.uexp" 371
"../../../Engine/Content/EngineMaterials/PPM_DefaultCalibrationGrayscale.uasset" 372
"../../../Engine/Content/EngineMaterials/PPM_DefaultCalibrationGrayscale.uexp" 373
"../../../Engine/Plugins/Animation/ControlRig/Content/Controls/ControlRig_Arrow2_1mm.ubulk" 374
"../../../Engine/Plugins/Animation/ControlRig/Content/Controls/ControlRig_Arrow2_1mm.uasset" 375
"../../../Engine/Plugins/Animation/ControlRig/Content/Controls/ControlRig_Arrow2_1mm.uexp" 376
"../../../Engine/Plugins/Animation/ControlRig/Content/Controls/ControlRig_Arrow2_3mm.ubulk" 377
"../../../Engine/Plugins/Animation/ControlRig/Content/Controls/ControlRig_Arrow2_3mm.uasset" 378
"../../../Engine/Plugins/Animation/ControlRig/Content/Controls/ControlRig_Arrow2_3mm.uexp" 379
"../../../Engine/Content/EngineMaterials/PreintegratedSkinBRDF.uasset" 380
"../../../Engine/Content/EngineMaterials/PreintegratedSkinBRDF.uexp" 381
"../../../Engine/Plugins/Animation/ControlRig/Content/Controls/ControlRig_Arrow2_solid.ubulk" 382
"../../../Engine/Plugins/Animation/ControlRig/Content/Controls/ControlRig_Arrow2_solid.uasset" 383
"../../../Engine/Plugins/Animation/ControlRig/Content/Controls/ControlRig_Arrow2_solid.uexp" 384
"../../../Engine/Plugins/Animation/ControlRig/Content/Controls/ControlRig_Arrow4_1mm.ubulk" 385
"../../../Engine/Plugins/Animation/ControlRig/Content/Controls/ControlRig_Arrow4_1mm.uasset" 386
"../../../Engine/Plugins/Animation/ControlRig/Content/Controls/ControlRig_Arrow4_1mm.uexp" 387
"../../../Engine/Content/Functions/Engine_MaterialFunctions02/Utility/VectorLength.uasset" 388
"../../../Engine/Content/Functions/Engine_MaterialFunctions02/Utility/VectorLength.uexp" 389
"../../../Engine/Content/Functions/Engine_MaterialFunctions02/WorldPositionOffset/ObjectScale.uasset" 390
"../../../Engine/Content/Functions/Engine_MaterialFunctions02/WorldPositionOffset/ObjectScale.uexp" 391
"../../../Engine/Plugins/Editor/SpeedTreeImporter/Content/SpeedTree9/Empty.uasset" 392
"../../../Engine/Plugins/Editor/SpeedTreeImporter/Content/SpeedTree9/Empty.uexp" 393
"../../../Engine/Plugins/Editor/SpeedTreeImporter/Content/SpeedTree9/EmptyNormal.uasset" 394
"../../../Engine/Plugins/Editor/SpeedTreeImporter/Content/SpeedTree9/EmptyNormal.uexp" 395
"../../../Engine/Plugins/Editor/SpeedTreeImporter/Content/SpeedTree9/game_wind_noise.ubulk" 396
"../../../Engine/Plugins/Editor/SpeedTreeImporter/Content/SpeedTree9/game_wind_noise.uasset" 397
"../../../Engine/Plugins/Editor/SpeedTreeImporter/Content/SpeedTree9/game_wind_noise.uexp" 398
"../../../Engine/Plugins/Editor/SpeedTreeImporter/Content/SpeedTree9/SpeedTreeBillboard.uasset" 399
"../../../Engine/Plugins/Editor/SpeedTreeImporter/Content/SpeedTree9/SpeedTreeBillboard.uexp" 400
"../../../Engine/Content/Functions/Engine_MaterialFunctions02/SafeNormalize.uasset" 401
"../../../Engine/Content/Functions/Engine_MaterialFunctions02/SafeNormalize.uexp" 402
"../../../Engine/Plugins/Editor/SpeedTreeImporter/Content/SpeedTree9/SpeedTreeWindMotion.uasset" 403
"../../../Engine/Plugins/Editor/SpeedTreeImporter/Content/SpeedTree9/SpeedTreeWindMotion.uexp" 404
"../../../Engine/Plugins/Editor/SpeedTreeImporter/Content/SpeedTree9/UnpackDirection.uasset" 405
"../../../Engine/Plugins/Editor/SpeedTreeImporter/Content/SpeedTree9/UnpackDirection.uexp" 406
"../../../Engine/Plugins/Editor/SpeedTreeImporter/Content/SpeedTree9/UnpackInteger3.uasset" 407
"../../../Engine/Plugins/Editor/SpeedTreeImporter/Content/SpeedTree9/UnpackInteger3.uexp" 408
"../../../Engine/Plugins/Editor/SpeedTreeImporter/Content/SpeedTree9/SpeedTreeBranchMotion.uasset" 409
"../../../Engine/Plugins/Editor/SpeedTreeImporter/Content/SpeedTree9/SpeedTreeBranchMotion.uexp" 410
"../../../Engine/Content/Functions/Engine_MaterialFunctions02/ObjectLocalBounds.uasset" 411
"../../../Engine/Content/Functions/Engine_MaterialFunctions02/ObjectLocalBounds.uexp" 412
"../../../Engine/Content/Functions/Engine_MaterialFunctions02/UVs/BoundingBoxBased_0-1_UVW.uasset" 413
"../../../Engine/Content/Functions/Engine_MaterialFunctions02/UVs/BoundingBoxBased_0-1_UVW.uexp" 414
"../../../Engine/Plugins/Editor/SpeedTreeImporter/Content/SpeedTree9/SpeedTreeWind.uasset" 415
"../../../Engine/Plugins/Editor/SpeedTreeImporter/Content/SpeedTree9/SpeedTreeWind.uexp" 416
"../../../Engine/Plugins/Editor/SpeedTreeImporter/Content/SpeedTree9/SpeedTreeBillboardMaster.uasset" 417
"../../../Engine/Plugins/Editor/SpeedTreeImporter/Content/SpeedTree9/SpeedTreeBillboardMaster.uexp" 418
"../../../Engine/Plugins/Animation/ControlRig/Content/Controls/ControlRig_Arrow4_3mm.ubulk" 419
"../../../Engine/Plugins/Animation/ControlRig/Content/Controls/ControlRig_Arrow4_3mm.uasset" 420
"../../../Engine/Plugins/Animation/ControlRig/Content/Controls/ControlRig_Arrow4_3mm.uexp" 421
"../../../Engine/Plugins/Editor/SpeedTreeImporter/Content/SpeedTree9/SpeedTreeCameraFacing.uasset" 422
"../../../Engine/Plugins/Editor/SpeedTreeImporter/Content/SpeedTree9/SpeedTreeCameraFacing.uexp" 423
"../../../Engine/Plugins/Editor/SpeedTreeImporter/Content/SpeedTree9/SpeedTreeMaster.uasset" 424
"../../../Engine/Plugins/Editor/SpeedTreeImporter/Content/SpeedTree9/SpeedTreeMaster.uexp" 425
"../../../Engine/Plugins/Animation/ControlRig/Content/Controls/ControlRig_Arrow4_solid.ubulk" 426
"../../../Engine/Plugins/Animation/ControlRig/Content/Controls/ControlRig_Arrow4_solid.uasset" 427
"../../../Engine/Plugins/Animation/ControlRig/Content/Controls/ControlRig_Arrow4_solid.uexp" 428
"../../../Engine/Content/EngineMaterials/RemoveSurfaceMaterial.uasset" 429
"../../../Engine/Content/EngineMaterials/RemoveSurfaceMaterial.uexp" 430
"../../../Engine/Plugins/Animation/ControlRig/Content/Controls/ControlRig_Arrow_1mm.ubulk" 431
"../../../Engine/Plugins/Animation/ControlRig/Content/Controls/ControlRig_Arrow_1mm.uasset" 432
"../../../Engine/Plugins/Animation/ControlRig/Content/Controls/ControlRig_Arrow_1mm.uexp" 433
"../../../Engine/Content/EngineMaterials/SMAAAreaTex.uasset" 434
"../../../Engine/Content/EngineMaterials/SMAAAreaTex.uexp" 435
"../../../Engine/Plugins/Animation/ControlRig/Content/Controls/ControlRig_Arrow_3mm.ubulk" 436
"../../../Engine/Plugins/Animation/ControlRig/Content/Controls/ControlRig_Arrow_3mm.uasset" 437
"../../../Engine/Plugins/Animation/ControlRig/Content/Controls/ControlRig_Arrow_3mm.uexp" 438
"../../../Engine/Content/EditorResources/S_Actor.ubulk" 439
"../../../Engine/Content/EditorResources/S_Actor.uasset" 440
"../../../Engine/Content/EditorResources/S_Actor.uexp" 441
"../../../Engine/Plugins/Runtime/AudioWidgets/Content/Resources/ScrubHandleDown_Clamped.uasset" 442
"../../../Engine/Plugins/Runtime/AudioWidgets/Content/Resources/ScrubHandleDown_Clamped.uexp" 443
"../../../Engine/Content/EngineMaterials/SMAASearchTex.uasset" 444
"../../../Engine/Content/EngineMaterials/SMAASearchTex.uexp" 445
"../../../Engine/Plugins/Animation/ControlRig/Content/Controls/ControlRig_Arrow_solid.ubulk" 446
"../../../Engine/Plugins/Animation/ControlRig/Content/Controls/ControlRig_Arrow_solid.uasset" 447
"../../../Engine/Plugins/Animation/ControlRig/Content/Controls/ControlRig_Arrow_solid.uexp" 448
"../../../Engine/Content/MobileResources/HUD/VirtualJoystick_Background.uasset" 449
"../../../Engine/Content/MobileResources/HUD/VirtualJoystick_Background.uexp" 450
"../../../Engine/Content/MobileResources/HUD/VirtualJoystick_Thumb.uasset" 451
"../../../Engine/Content/MobileResources/HUD/VirtualJoystick_Thumb.uexp" 452
"../../../Engine/Content/MobileResources/HUD/DefaultVirtualJoysticks.uasset" 453
"../../../Engine/Content/MobileResources/HUD/DefaultVirtualJoysticks.uexp" 454
"../../../Engine/Content/EditorMaterials/PhAT_NoCollisionMaterial.uasset" 455
"../../../Engine/Content/EditorMaterials/PhAT_NoCollisionMaterial.uexp" 456
"../../../Engine/Content/EditorResources/S_BoxReflectionCapture.uasset" 457
"../../../Engine/Content/EditorResources/S_BoxReflectionCapture.uexp" 458
"../../../Engine/Plugins/Animation/ControlRig/Content/Controls/ControlRig_Box_1mm.ubulk" 459
"../../../Engine/Plugins/Animation/ControlRig/Content/Controls/ControlRig_Box_1mm.uasset" 460
"../../../Engine/Plugins/Animation/ControlRig/Content/Controls/ControlRig_Box_1mm.uexp" 461
"../../../Engine/Content/EditorMaterials/PhAT_UnselectedMaterial.uasset" 462
"../../../Engine/Content/EditorMaterials/PhAT_UnselectedMaterial.uexp" 463
"../../../Engine/Plugins/Animation/ControlRig/Content/Controls/ControlRig_Box_3mm.ubulk" 464
"../../../Engine/Plugins/Animation/ControlRig/Content/Controls/ControlRig_Box_3mm.uasset" 465
"../../../Engine/Plugins/Animation/ControlRig/Content/Controls/ControlRig_Box_3mm.uexp" 466
"../../../Engine/Plugins/Animation/ControlRig/Content/Controls/ControlRig_Box_solid.ubulk" 467
"../../../Engine/Plugins/Animation/ControlRig/Content/Controls/ControlRig_Box_solid.uasset" 468
"../../../Engine/Plugins/Animation/ControlRig/Content/Controls/ControlRig_Box_solid.uexp" 469
"../../../Engine/Content/EditorMaterials/PreviewShadowIndicator.ubulk" 470
"../../../Engine/Content/EditorMaterials/PreviewShadowIndicator.uasset" 471
"../../../Engine/Content/EditorMaterials/PreviewShadowIndicator.uexp" 472
"../../../Engine/Content/EditorMaterials/PreviewShadowIndicatorMaterial.uasset" 473
"../../../Engine/Content/EditorMaterials/PreviewShadowIndicatorMaterial.uexp" 474
"../../../Engine/Plugins/Interchange/Assets/Content/Functions/MX_AbsorptionVDF.uasset" 475
"../../../Engine/Plugins/Interchange/Assets/Content/Functions/MX_AbsorptionVDF.uexp" 476
"../../../Engine/Plugins/Animation/ControlRig/Content/Controls/ControlRig_Circle_1mm.ubulk" 477
"../../../Engine/Plugins/Animation/ControlRig/Content/Controls/ControlRig_Circle_1mm.uasset" 478
"../../../Engine/Plugins/Animation/ControlRig/Content/Controls/ControlRig_Circle_1mm.uexp" 479
"../../../Engine/Plugins/Animation/ControlRig/Content/Controls/ControlRig_Circle_3mm.ubulk" 480
"../../../Engine/Plugins/Animation/ControlRig/Content/Controls/ControlRig_Circle_3mm.uasset" 481
"../../../Engine/Plugins/Animation/ControlRig/Content/Controls/ControlRig_Circle_3mm.uexp" 482
"../../../Engine/Plugins/Animation/ControlRig/Content/Controls/ControlRig_Circle_solid.ubulk" 483
"../../../Engine/Plugins/Animation/ControlRig/Content/Controls/ControlRig_Circle_solid.uasset" 484
"../../../Engine/Plugins/Animation/ControlRig/Content/Controls/ControlRig_Circle_solid.uexp" 485
"../../../Engine/Plugins/Interchange/Assets/Content/Functions/MX_AnisotropicVDF.uasset" 486
"../../../Engine/Plugins/Interchange/Assets/Content/Functions/MX_AnisotropicVDF.uexp" 487
"../../../Engine/Plugins/Animation/ControlRig/Content/Controls/ControlRig_Diamond_1mm.ubulk" 488
"../../../Engine/Plugins/Animation/ControlRig/Content/Controls/ControlRig_Diamond_1mm.uasset" 489
"../../../Engine/Plugins/Animation/ControlRig/Content/Controls/ControlRig_Diamond_1mm.uexp" 490
"../../../Engine/Plugins/Interchange/Assets/Content/Functions/MX_BurleyDiffuseBSDF.uasset" 491
"../../../Engine/Plugins/Interchange/Assets/Content/Functions/MX_BurleyDiffuseBSDF.uexp" 492
"../../../Engine/Plugins/Animation/ControlRig/Content/Controls/ControlRig_Diamond_3mm.ubulk" 493
"../../../Engine/Plugins/Animation/ControlRig/Content/Controls/ControlRig_Diamond_3mm.uasset" 494
"../../../Engine/Plugins/Animation/ControlRig/Content/Controls/ControlRig_Diamond_3mm.uexp" 495
"../../../Engine/Content/EngineMaterials/WeightMapPlaceholderTexture.uasset" 496
"../../../Engine/Content/EngineMaterials/WeightMapPlaceholderTexture.uexp" 497
"../../../Engine/Content/EngineMaterials/WeightMapArrayPlaceholderTexture.uasset" 498
"../../../Engine/Content/EngineMaterials/WeightMapArrayPlaceholderTexture.uexp" 499
"../../../Engine/Plugins/Experimental/MeshModelingToolsetExp/Content/Materials/GetDisplacementVectorForDepthBias.uasset" 500
"../../../Engine/Plugins/Experimental/MeshModelingToolsetExp/Content/Materials/GetDisplacementVectorForDepthBias.uexp" 501
"../../../Engine/Content/Functions/Engine_MaterialFunctions03/Viewport/MF_OrthoWidth.uasset" 502
"../../../Engine/Content/Functions/Engine_MaterialFunctions03/Viewport/MF_OrthoWidth.uexp" 503
"../../../Engine/Content/Functions/Engine_MaterialFunctions02/Utility/FOV.uasset" 504
"../../../Engine/Content/Functions/Engine_MaterialFunctions02/Utility/FOV.uexp" 505
"../../../Engine/Content/Functions/Engine_MaterialFunctions02/WorldPositionOffset/V2/ObjectScale.uasset" 506
"../../../Engine/Content/Functions/Engine_MaterialFunctions02/WorldPositionOffset/V2/ObjectScale.uexp" 507
"../../../Engine/Plugins/Experimental/MeshModelingToolsetExp/Content/Materials/PointSetOverlaidComponentMaterial.uasset" 508
"../../../Engine/Plugins/Experimental/MeshModelingToolsetExp/Content/Materials/PointSetOverlaidComponentMaterial.uexp" 509
"../../../Engine/Content/EngineMaterials/DefaultBloomKernel.uasset" 510
"../../../Engine/Content/EngineMaterials/DefaultBloomKernel.uexp" 511
"../../../Engine/Plugins/Animation/ControlRig/Content/Controls/ControlRig_Diamond_solid.ubulk" 512
"../../../Engine/Plugins/Animation/ControlRig/Content/Controls/ControlRig_Diamond_solid.uasset" 513
"../../../Engine/Plugins/Animation/ControlRig/Content/Controls/ControlRig_Diamond_solid.uexp" 514
"../../../Engine/Plugins/Interchange/Assets/Content/Functions/MX_ChiangHairBSDF.uasset" 515
"../../../Engine/Plugins/Interchange/Assets/Content/Functions/MX_ChiangHairBSDF.uexp" 516
"../../../Engine/Content/EngineMaterials/DefaultBokeh.uasset" 517
"../../../Engine/Content/EngineMaterials/DefaultBokeh.uexp" 518
"../../../Engine/Content/EngineResources/WhiteSquareTexture.uasset" 519
"../../../Engine/Content/EngineResources/WhiteSquareTexture.uexp" 520
"../../../Engine/Content/EngineMaterials/Widget3DPassThrough.uasset" 521
"../../../Engine/Content/EngineMaterials/Widget3DPassThrough.uexp" 522
"../../../Engine/Content/EngineMaterials/Widget3DPassThrough_Masked.uasset" 523
"../../../Engine/Content/EngineMaterials/Widget3DPassThrough_Masked.uexp" 524
"../../../Engine/Content/EngineMaterials/Widget3DPassThrough_Opaque.uasset" 525
"../../../Engine/Content/EngineMaterials/Widget3DPassThrough_Opaque.uexp" 526
"../../../Engine/Content/EngineMaterials/Widget3DPassThrough_Masked_OneSided.uasset" 527
"../../../Engine/Content/EngineMaterials/Widget3DPassThrough_Masked_OneSided.uexp" 528
"../../../Engine/Plugins/Animation/ControlRig/Content/Controls/ControlRig_HalfCircle_1mm.ubulk" 529
"../../../Engine/Plugins/Animation/ControlRig/Content/Controls/ControlRig_HalfCircle_1mm.uasset" 530
"../../../Engine/Plugins/Animation/ControlRig/Content/Controls/ControlRig_HalfCircle_1mm.uexp" 531
"../../../Engine/Content/EngineMaterials/Widget3DPassThrough_Opaque_OneSided.uasset" 532
"../../../Engine/Content/EngineMaterials/Widget3DPassThrough_Opaque_OneSided.uexp" 533
"../../../Engine/Plugins/Animation/ControlRig/Content/Controls/ControlRig_HalfCircle_3mm.ubulk" 534
"../../../Engine/Plugins/Animation/ControlRig/Content/Controls/ControlRig_HalfCircle_3mm.uasset" 535
"../../../Engine/Plugins/Animation/ControlRig/Content/Controls/ControlRig_HalfCircle_3mm.uexp" 536
"../../../Engine/Content/EngineMaterials/Widget3DPassThrough_Translucent.uasset" 537
"../../../Engine/Content/EngineMaterials/Widget3DPassThrough_Translucent.uexp" 538
"../../../Engine/Content/EngineMaterials/Widget3DPassThrough_Translucent_OneSided.uasset" 539
"../../../Engine/Content/EngineMaterials/Widget3DPassThrough_Translucent_OneSided.uexp" 540
"../../../Engine/Plugins/Animation/ControlRig/Content/Controls/ControlRig_HalfCircle_solid.ubulk" 541
"../../../Engine/Plugins/Animation/ControlRig/Content/Controls/ControlRig_HalfCircle_solid.uasset" 542
"../../../Engine/Plugins/Animation/ControlRig/Content/Controls/ControlRig_HalfCircle_solid.uexp" 543
"../../../Engine/Plugins/Animation/ControlRig/Content/Controls/ControlRig_Hexagon_1mm.ubulk" 544
"../../../Engine/Plugins/Animation/ControlRig/Content/Controls/ControlRig_Hexagon_1mm.uasset" 545
"../../../Engine/Plugins/Animation/ControlRig/Content/Controls/ControlRig_Hexagon_1mm.uexp" 546
"../../../Engine/Plugins/Interchange/Assets/Content/Functions/MX_ConductorBSDF.uasset" 547
"../../../Engine/Plugins/Interchange/Assets/Content/Functions/MX_ConductorBSDF.uexp" 548
"../../../Engine/Plugins/Interchange/Assets/Content/Functions/MX_ConicalEDF.uasset" 549
"../../../Engine/Plugins/Interchange/Assets/Content/Functions/MX_ConicalEDF.uexp" 550
"../../../Engine/Plugins/Animation/ControlRig/Content/Controls/ControlRig_Hexagon_3mm.ubulk" 551
"../../../Engine/Plugins/Animation/ControlRig/Content/Controls/ControlRig_Hexagon_3mm.uasset" 552
"../../../Engine/Plugins/Animation/ControlRig/Content/Controls/ControlRig_Hexagon_3mm.uexp" 553
"../../../Engine/Content/EngineMaterials/DefaultDeferredDecalMaterial.uasset" 554
"../../../Engine/Content/EngineMaterials/DefaultDeferredDecalMaterial.uexp" 555
"../../../Engine/Plugins/Animation/ControlRig/Content/Controls/ControlRig_Hexagon_solid.ubulk" 556
"../../../Engine/Plugins/Animation/ControlRig/Content/Controls/ControlRig_Hexagon_solid.uasset" 557
"../../../Engine/Plugins/Animation/ControlRig/Content/Controls/ControlRig_Hexagon_solid.uexp" 558
"../../../Engine/Content/EditorMaterials/Dataflow/DataflowTwoSidedVertexMaterial.uasset" 559
"../../../Engine/Content/EditorMaterials/Dataflow/DataflowTwoSidedVertexMaterial.uexp" 560
"../../../Engine/Plugins/Interchange/Assets/Content/Functions/MX_DielectricBSDF.uasset" 561
"../../../Engine/Plugins/Interchange/Assets/Content/Functions/MX_DielectricBSDF.uexp" 562
"../../../Engine/Plugins/Interchange/Assets/Content/Functions/MX_Displacement.uasset" 563
"../../../Engine/Plugins/Interchange/Assets/Content/Functions/MX_Displacement.uexp" 564
"../../../Engine/Content/EditorMaterials/Dataflow/DataflowVertexMaterial.uasset" 565
"../../../Engine/Content/EditorMaterials/Dataflow/DataflowVertexMaterial.uexp" 566
"../../../Engine/Plugins/Interchange/Assets/Content/Functions/MX_GeneralizedSchlickBSDF.uasset" 567
"../../../Engine/Plugins/Interchange/Assets/Content/Functions/MX_GeneralizedSchlickBSDF.uexp" 568
"../../../Engine/Plugins/Animation/ControlRig/Content/Controls/ControlRig_Octagon_1mm.ubulk" 569
"../../../Engine/Plugins/Animation/ControlRig/Content/Controls/ControlRig_Octagon_1mm.uasset" 570
"../../../Engine/Plugins/Animation/ControlRig/Content/Controls/ControlRig_Octagon_1mm.uexp" 571
"../../../Engine/Content/EngineMaterials/DefaultLightFunctionMaterial.uasset" 572
"../../../Engine/Content/EngineMaterials/DefaultLightFunctionMaterial.uexp" 573
"../../../Engine/Plugins/Animation/ControlRig/Content/Controls/ControlRig_Octagon_3mm.ubulk" 574
"../../../Engine/Plugins/Animation/ControlRig/Content/Controls/ControlRig_Octagon_3mm.uasset" 575
"../../../Engine/Plugins/Animation/ControlRig/Content/Controls/ControlRig_Octagon_3mm.uexp" 576
"../../../Engine/Plugins/Animation/ControlRig/Content/Controls/ControlRig_Octagon_solid.ubulk" 577
"../../../Engine/Plugins/Animation/ControlRig/Content/Controls/ControlRig_Octagon_solid.uasset" 578
"../../../Engine/Plugins/Animation/ControlRig/Content/Controls/ControlRig_Octagon_solid.uexp" 579
"../../../Engine/Plugins/Interchange/Assets/Content/Substrate/MX_SimpleVolume.uasset" 580
"../../../Engine/Plugins/Interchange/Assets/Content/Substrate/MX_SimpleVolume.uexp" 581
"../../../Engine/Content/EngineMaterials/EnergyConservation/Diffuse_Energy.uasset" 582
"../../../Engine/Content/EngineMaterials/EnergyConservation/Diffuse_Energy.uexp" 583
"../../../Engine/Plugins/Animation/ControlRig/Content/Controls/ControlRig_Pyramid_1mm.ubulk" 584
"../../../Engine/Plugins/Animation/ControlRig/Content/Controls/ControlRig_Pyramid_1mm.uasset" 585
"../../../Engine/Plugins/Animation/ControlRig/Content/Controls/ControlRig_Pyramid_1mm.uexp" 586
"../../../Engine/Content/EngineMeshes/Sphere.ubulk" 587
"../../../Engine/Content/EngineMeshes/Sphere.uasset" 588
"../../../Engine/Content/EngineMeshes/Sphere.uexp" 589
"../../../Engine/Content/EngineMaterials/EnergyConservation/GGX_ReflectionEnergy.uasset" 590
"../../../Engine/Content/EngineMaterials/EnergyConservation/GGX_ReflectionEnergy.uexp" 591
"../../../Engine/Plugins/Animation/ControlRig/Content/Controls/ControlRig_Pyramid_3mm.ubulk" 592
"../../../Engine/Plugins/Animation/ControlRig/Content/Controls/ControlRig_Pyramid_3mm.uasset" 593
"../../../Engine/Plugins/Animation/ControlRig/Content/Controls/ControlRig_Pyramid_3mm.uexp" 594
"../../../Engine/Plugins/Animation/ControlRig/Content/Controls/ControlRig_Pyramid_solid.ubulk" 595
"../../../Engine/Plugins/Animation/ControlRig/Content/Controls/ControlRig_Pyramid_solid.uasset" 596
"../../../Engine/Plugins/Animation/ControlRig/Content/Controls/ControlRig_Pyramid_solid.uexp" 597
"../../../Engine/Plugins/Interchange/Assets/Content/Functions/MX_MeasuredEDF.uasset" 598
"../../../Engine/Plugins/Interchange/Assets/Content/Functions/MX_MeasuredEDF.uexp" 599
"../../../Engine/Content/EngineMaterials/DefaultPostProcessMaterial.uasset" 600
"../../../Engine/Content/EngineMaterials/DefaultPostProcessMaterial.uexp" 601
"../../../Engine/Content/EngineMaterials/EnergyConservation/GGX_TransmissionEnergyArray.uasset" 602
"../../../Engine/Content/EngineMaterials/EnergyConservation/GGX_TransmissionEnergyArray.uexp" 603
"../../../Engine/Plugins/Interchange/Assets/Content/Functions/MF_IridescenceNoLUT.uasset" 604
"../../../Engine/Plugins/Interchange/Assets/Content/Functions/MF_IridescenceNoLUT.uexp" 605
"../../../Engine/Plugins/Interchange/Assets/Content/Functions/MX_StandardSurface.uasset" 606
"../../../Engine/Plugins/Interchange/Assets/Content/Functions/MX_StandardSurface.uexp" 607
"../../../Engine/Plugins/Interchange/Assets/Content/Functions/MX_OpenPBR_Opaque.uasset" 608
"../../../Engine/Plugins/Interchange/Assets/Content/Functions/MX_OpenPBR_Opaque.uexp" 609
"../../../Engine/Plugins/Animation/ControlRig/Content/Controls/ControlRig_QuarterCircle_1mm.ubulk" 610
"../../../Engine/Plugins/Animation/ControlRig/Content/Controls/ControlRig_QuarterCircle_1mm.uasset" 611
"../../../Engine/Plugins/Animation/ControlRig/Content/Controls/ControlRig_QuarterCircle_1mm.uexp" 612
"../../../Engine/Plugins/Interchange/Assets/Content/Functions/MX_TransmissionSurface.uasset" 613
"../../../Engine/Plugins/Interchange/Assets/Content/Functions/MX_TransmissionSurface.uexp" 614
"../../../Engine/Plugins/Interchange/Assets/Content/Functions/MX_OpenPBR_Translucent.uasset" 615
"../../../Engine/Plugins/Interchange/Assets/Content/Functions/MX_OpenPBR_Translucent.uexp" 616
"../../../Engine/Content/EngineMaterials/EnergyConservation/SheenLegacy_Energy.uasset" 617
"../../../Engine/Content/EngineMaterials/EnergyConservation/SheenLegacy_Energy.uexp" 618
"../../../Engine/Plugins/Animation/ControlRig/Content/Controls/ControlRig_QuarterCircle_3mm.ubulk" 619
"../../../Engine/Plugins/Animation/ControlRig/Content/Controls/ControlRig_QuarterCircle_3mm.uasset" 620
"../../../Engine/Plugins/Animation/ControlRig/Content/Controls/ControlRig_QuarterCircle_3mm.uexp" 621
"../../../Engine/Content/EditorResources/S_Solver.ubulk" 622
"../../../Engine/Content/EditorResources/S_Solver.uasset" 623
"../../../Engine/Content/EditorResources/S_Solver.uexp" 624
"../../../Engine/Content/EngineMaterials/EnergyConservation/Sheen_Energy.uasset" 625
"../../../Engine/Content/EngineMaterials/EnergyConservation/Sheen_Energy.uexp" 626
"../../../Engine/Plugins/Interchange/Assets/Content/Functions/MX_OrenNayarBSDF.uasset" 627
"../../../Engine/Plugins/Interchange/Assets/Content/Functions/MX_OrenNayarBSDF.uexp" 628
"../../../Engine/Plugins/Animation/ControlRig/Content/Controls/ControlRig_QuarterCircle_solid.ubulk" 629
"../../../Engine/Plugins/Animation/ControlRig/Content/Controls/ControlRig_QuarterCircle_solid.uasset" 630
"../../../Engine/Plugins/Animation/ControlRig/Content/Controls/ControlRig_QuarterCircle_solid.uexp" 631
"../../../Engine/Content/EngineMaterials/LTC/GGX_LTCAmp.uasset" 632
"../../../Engine/Content/EngineMaterials/LTC/GGX_LTCAmp.uexp" 633
"../../../Engine/Content/EditorResources/S_Terrain.ubulk" 634
"../../../Engine/Content/EditorResources/S_Terrain.uasset" 635
"../../../Engine/Content/EditorResources/S_Terrain.uexp" 636
"../../../Engine/Plugins/Animation/ControlRig/Content/Controls/ControlRig_RoundedSquare_1mm.ubulk" 637
"../../../Engine/Plugins/Animation/ControlRig/Content/Controls/ControlRig_RoundedSquare_1mm.uasset" 638
"../../../Engine/Plugins/Animation/ControlRig/Content/Controls/ControlRig_RoundedSquare_1mm.uexp" 639
"../../../Engine/Content/EngineMaterials/LTC/GGX_LTCMat.uasset" 640
"../../../Engine/Content/EngineMaterials/LTC/GGX_LTCMat.uexp" 641
"../../../Engine/Plugins/Animation/ControlRig/Content/Controls/ControlRig_RoundedSquare_3mm.ubulk" 642
"../../../Engine/Plugins/Animation/ControlRig/Content/Controls/ControlRig_RoundedSquare_3mm.uasset" 643
"../../../Engine/Plugins/Animation/ControlRig/Content/Controls/ControlRig_RoundedSquare_3mm.uexp" 644
"../../../Engine/Content/EngineMaterials/LTC/Sheen_LTC.uasset" 645
"../../../Engine/Content/EngineMaterials/LTC/Sheen_LTC.uexp" 646
"../../../Engine/Plugins/Animation/ControlRig/Content/Controls/ControlRig_RoundedSquare_solid.ubulk" 647
"../../../Engine/Plugins/Animation/ControlRig/Content/Controls/ControlRig_RoundedSquare_solid.uasset" 648
"../../../Engine/Plugins/Animation/ControlRig/Content/Controls/ControlRig_RoundedSquare_solid.uexp" 649
"../../../Engine/Content/EditorResources/S_Trigger.ubulk" 650
"../../../Engine/Content/EditorResources/S_Trigger.uasset" 651
"../../../Engine/Content/EditorResources/S_Trigger.uexp" 652
"../../../Engine/Plugins/Animation/ControlRig/Content/Controls/ControlRig_RoundedTriangle_1mm.ubulk" 653
"../../../Engine/Plugins/Animation/ControlRig/Content/Controls/ControlRig_RoundedTriangle_1mm.uasset" 654
"../../../Engine/Plugins/Animation/ControlRig/Content/Controls/ControlRig_RoundedTriangle_1mm.uexp" 655
"../../../Engine/Content/EditorResources/S_TriggerBox.uasset" 656
"../../../Engine/Content/EditorResources/S_TriggerBox.uexp" 657
"../../../Engine/Plugins/Interchange/Assets/Content/Functions/MX_SheenBSDF.uasset" 658
"../../../Engine/Plugins/Interchange/Assets/Content/Functions/MX_SheenBSDF.uexp" 659
"../../../Engine/Plugins/Animation/ControlRig/Content/Controls/ControlRig_RoundedTriangle_3mm.ubulk" 660
"../../../Engine/Plugins/Animation/ControlRig/Content/Controls/ControlRig_RoundedTriangle_3mm.uasset" 661
"../../../Engine/Plugins/Animation/ControlRig/Content/Controls/ControlRig_RoundedTriangle_3mm.uexp" 662
"../../../Engine/Content/EditorResources/S_TriggerCapsule.uasset" 663
"../../../Engine/Content/EditorResources/S_TriggerCapsule.uexp" 664
"../../../Engine/Plugins/Animation/ControlRig/Content/Controls/ControlRig_RoundedTriangle_solid.ubulk" 665
"../../../Engine/Plugins/Animation/ControlRig/Content/Controls/ControlRig_RoundedTriangle_solid.uasset" 666
"../../../Engine/Plugins/Animation/ControlRig/Content/Controls/ControlRig_RoundedTriangle_solid.uexp" 667
"../../../Engine/Plugins/Animation/ControlRig/Content/Controls/ControlRig_Sphere_1mm.ubulk" 668
"../../../Engine/Plugins/Animation/ControlRig/Content/Controls/ControlRig_Sphere_1mm.uasset" 669
"../../../Engine/Plugins/Animation/ControlRig/Content/Controls/ControlRig_Sphere_1mm.uexp" 670
"../../../Engine/Content/EditorResources/S_TriggerSphere.uasset" 671
"../../../Engine/Content/EditorResources/S_TriggerSphere.uexp" 672
"../../../Engine/Plugins/Animation/ControlRig/Content/Controls/ControlRig_Sphere_3mm.ubulk" 673
"../../../Engine/Plugins/Animation/ControlRig/Content/Controls/ControlRig_Sphere_3mm.uasset" 674
"../../../Engine/Plugins/Animation/ControlRig/Content/Controls/ControlRig_Sphere_3mm.uexp" 675
"../../../Engine/Plugins/Interchange/Assets/Content/Functions/MX_SubsurfaceBSDF.uasset" 676
"../../../Engine/Plugins/Interchange/Assets/Content/Functions/MX_SubsurfaceBSDF.uexp" 677
"../../../Engine/Plugins/Interchange/Assets/Content/Functions/MX_Surface.uasset" 678
"../../../Engine/Plugins/Interchange/Assets/Content/Functions/MX_Surface.uexp" 679
"../../../Engine/Plugins/Animation/ControlRig/Content/Controls/ControlRig_Sphere_solid.ubulk" 680
"../../../Engine/Plugins/Animation/ControlRig/Content/Controls/ControlRig_Sphere_solid.uasset" 681
"../../../Engine/Plugins/Animation/ControlRig/Content/Controls/ControlRig_Sphere_solid.uexp" 682
"../../../Engine/Plugins/Interchange/Assets/Content/Functions/MX_SurfaceUnlit.uasset" 683
"../../../Engine/Plugins/Interchange/Assets/Content/Functions/MX_SurfaceUnlit.uexp" 684
"../../../Engine/Plugins/Animation/ControlRig/Content/Controls/ControlRig_Square_1mm.ubulk" 685
"../../../Engine/Plugins/Animation/ControlRig/Content/Controls/ControlRig_Square_1mm.uasset" 686
"../../../Engine/Plugins/Animation/ControlRig/Content/Controls/ControlRig_Square_1mm.uexp" 687
"../../../Engine/Plugins/Animation/ControlRig/Content/Controls/ControlRig_Square_3mm.ubulk" 688
"../../../Engine/Plugins/Animation/ControlRig/Content/Controls/ControlRig_Square_3mm.uasset" 689
"../../../Engine/Plugins/Animation/ControlRig/Content/Controls/ControlRig_Square_3mm.uexp" 690
"../../../Engine/Plugins/Interchange/Assets/Content/Functions/MX_TranslucentBSDF.uasset" 691
"../../../Engine/Plugins/Interchange/Assets/Content/Functions/MX_TranslucentBSDF.uexp" 692
"../../../Engine/Content/EngineResources/Development/ZenLogo_64.uasset" 693
"../../../Engine/Content/EngineResources/Development/ZenLogo_64.uexp" 694
"../../../Engine/Plugins/Animation/ControlRig/Content/Controls/ControlRig_Square_solid.ubulk" 695
"../../../Engine/Plugins/Animation/ControlRig/Content/Controls/ControlRig_Square_solid.uasset" 696
"../../../Engine/Plugins/Animation/ControlRig/Content/Controls/ControlRig_Square_solid.uexp" 697
"../../../Engine/Plugins/Animation/ControlRig/Content/Controls/ControlRig_Star4_1mm.ubulk" 698
"../../../Engine/Plugins/Animation/ControlRig/Content/Controls/ControlRig_Star4_1mm.uasset" 699
"../../../Engine/Plugins/Animation/ControlRig/Content/Controls/ControlRig_Star4_1mm.uexp" 700
"../../../Engine/Content/EngineResources/FilmGrains/Marcie_Grain_v3_128_M2_000.uasset" 701
"../../../Engine/Content/EngineResources/FilmGrains/Marcie_Grain_v3_128_M2_000.uexp" 702
"../../../Engine/Plugins/Interchange/Assets/Content/Functions/MX_UniformEDF.uasset" 703
"../../../Engine/Plugins/Interchange/Assets/Content/Functions/MX_UniformEDF.uexp" 704
"../../../Engine/Plugins/Interchange/Assets/Content/Functions/MX_UsdPreviewSurface.uasset" 705
"../../../Engine/Plugins/Interchange/Assets/Content/Functions/MX_UsdPreviewSurface.uexp" 706
"../../../Engine/Plugins/Animation/ControlRig/Content/Controls/ControlRig_Star4_3mm.ubulk" 707
"../../../Engine/Plugins/Animation/ControlRig/Content/Controls/ControlRig_Star4_3mm.uasset" 708
"../../../Engine/Plugins/Animation/ControlRig/Content/Controls/ControlRig_Star4_3mm.uexp" 709
"../../../Engine/Plugins/Animation/ControlRig/Content/Controls/ControlRig_Star4_solid.ubulk" 710
"../../../Engine/Plugins/Animation/ControlRig/Content/Controls/ControlRig_Star4_solid.uasset" 711
"../../../Engine/Plugins/Animation/ControlRig/Content/Controls/ControlRig_Star4_solid.uexp" 712
"../../../Engine/Plugins/Animation/ControlRig/Content/Controls/ControlRig_Triangle_1mm.ubulk" 713
"../../../Engine/Plugins/Animation/ControlRig/Content/Controls/ControlRig_Triangle_1mm.uasset" 714
"../../../Engine/Plugins/Animation/ControlRig/Content/Controls/ControlRig_Triangle_1mm.uexp" 715
"../../../Engine/Plugins/Animation/ControlRig/Content/Controls/ControlRig_Triangle_3mm.ubulk" 716
"../../../Engine/Plugins/Animation/ControlRig/Content/Controls/ControlRig_Triangle_3mm.uasset" 717
"../../../Engine/Plugins/Animation/ControlRig/Content/Controls/ControlRig_Triangle_3mm.uexp" 718
"../../../Engine/Content/Functions/Engine_MaterialFunctions02/Utility/BreakOutFloat4Components.uasset" 719
"../../../Engine/Content/Functions/Engine_MaterialFunctions02/Utility/BreakOutFloat4Components.uexp" 720
"../../../Engine/Content/Functions/Engine_MaterialFunctions02/Utility/MakeFloat4.uasset" 721
"../../../Engine/Content/Functions/Engine_MaterialFunctions02/Utility/MakeFloat4.uexp" 722
"../../../Engine/Content/EngineResources/DefaultVolumeTexture2D.uasset" 723
"../../../Engine/Content/EngineResources/DefaultVolumeTexture2D.uexp" 724
"../../../Engine/Content/EngineResources/DefaultVolumeTexture.uasset" 725
"../../../Engine/Content/EngineResources/DefaultVolumeTexture.uexp" 726
"../../../Engine/Content/EngineSky/VolumetricClouds/VT_Lightning.uasset" 727
"../../../Engine/Content/EngineSky/VolumetricClouds/VT_Lightning.uexp" 728
"../../../Engine/Content/Functions/Engine_MaterialFunctions01/Units/Km-to-Cm.uasset" 729
"../../../Engine/Content/Functions/Engine_MaterialFunctions01/Units/Km-to-Cm.uexp" 730
"../../../Engine/Content/EngineSky/VolumetricClouds/m_SimpleVolumetricCloud.uasset" 731
"../../../Engine/Content/EngineSky/VolumetricClouds/m_SimpleVolumetricCloud.uexp" 732
"../../../Engine/Content/EngineSky/VolumetricClouds/T_CloudMask.ubulk" 733
"../../../Engine/Content/EngineSky/VolumetricClouds/T_CloudMask.uasset" 734
"../../../Engine/Content/EngineSky/VolumetricClouds/T_CloudMask.uexp" 735
"../../../Engine/Content/EngineSky/VolumetricClouds/T_CloudPattern.ubulk" 736
"../../../Engine/Content/EngineSky/VolumetricClouds/T_CloudPattern.uasset" 737
"../../../Engine/Content/EngineSky/VolumetricClouds/T_CloudPattern.uexp" 738
"../../../Engine/Content/EngineSky/VolumetricClouds/T_Profile_08.ubulk" 739
"../../../Engine/Content/EngineSky/VolumetricClouds/T_Profile_08.uasset" 740
"../../../Engine/Content/EngineSky/VolumetricClouds/T_Profile_08.uexp" 741
"../../../Engine/Content/EngineSky/VolumetricClouds/VT_PerlinWorley_Balanced.uasset" 742
"../../../Engine/Content/EngineSky/VolumetricClouds/VT_PerlinWorley_Balanced.uexp" 743
"../../../Engine/Content/EngineSky/VolumetricClouds/m_SimpleVolumetricCloud_Inst.uasset" 744
"../../../Engine/Content/EngineSky/VolumetricClouds/m_SimpleVolumetricCloud_Inst.uexp" 745
"../../../Engine/Plugins/Animation/ControlRig/Content/Controls/ControlRig_Triangle_solid.ubulk" 746
"../../../Engine/Plugins/Animation/ControlRig/Content/Controls/ControlRig_Triangle_solid.uasset" 747
"../../../Engine/Plugins/Animation/ControlRig/Content/Controls/ControlRig_Triangle_solid.uexp" 748
"../../../Engine/Content/EngineDamageTypes/DmgTypeBP_Environmental.uasset" 749
"../../../Engine/Content/EngineDamageTypes/DmgTypeBP_Environmental.uexp" 750
"../../../Engine/Plugins/Animation/ControlRig/Content/Controls/ControlRig_Wedge_1mm.ubulk" 751
"../../../Engine/Plugins/Animation/ControlRig/Content/Controls/ControlRig_Wedge_1mm.uasset" 752
"../../../Engine/Plugins/Animation/ControlRig/Content/Controls/ControlRig_Wedge_1mm.uexp" 753
"../../../Engine/Plugins/Animation/ControlRig/Content/Controls/ControlRig_Wedge_3mm.ubulk" 754
"../../../Engine/Plugins/Animation/ControlRig/Content/Controls/ControlRig_Wedge_3mm.uasset" 755
"../../../Engine/Plugins/Animation/ControlRig/Content/Controls/ControlRig_Wedge_3mm.uexp" 756
"../../../Engine/Plugins/Runtime/HairStrands/Content/Materials/HairCardsDefaultMaterial.uasset" 757
"../../../Engine/Plugins/Runtime/HairStrands/Content/Materials/HairCardsDefaultMaterial.uexp" 758
"../../../Engine/Plugins/Animation/ControlRig/Content/Controls/ControlRig_Wedge_solid.ubulk" 759
"../../../Engine/Plugins/Animation/ControlRig/Content/Controls/ControlRig_Wedge_solid.uasset" 760
"../../../Engine/Plugins/Animation/ControlRig/Content/Controls/ControlRig_Wedge_solid.uexp" 761
"../../../Engine/Content/Functions/Engine_MaterialFunctions02/Utility/MakeFloat2.uasset" 762
"../../../Engine/Content/Functions/Engine_MaterialFunctions02/Utility/MakeFloat2.uexp" 763
"../../../Engine/Content/EngineMaterials/HairColorMap.uasset" 764
"../../../Engine/Content/EngineMaterials/HairColorMap.uexp" 765
"../../../Engine/Content/EngineMaterials/HairDebugColor.uasset" 766
"../../../Engine/Content/EngineMaterials/HairDebugColor.uexp" 767
"../../../Engine/Plugins/Runtime/HairStrands/Content/Materials/HairGroupColors.uasset" 768
"../../../Engine/Plugins/Runtime/HairStrands/Content/Materials/HairGroupColors.uexp" 769
"../../../Engine/Plugins/Runtime/HairStrands/Content/Materials/HairDebugMaterial.uasset" 770
"../../../Engine/Plugins/Runtime/HairStrands/Content/Materials/HairDebugMaterial.uexp" 771
"../../../Engine/Plugins/Runtime/HairStrands/Content/Materials/HairDefaultMaterial.uasset" 772
"../../../Engine/Plugins/Runtime/HairStrands/Content/Materials/HairDefaultMaterial.uexp" 773
"../../../Engine/Content/EditorMaterials/ParticleSystems/PSysThumbnail_NoImage.ubulk" 774
"../../../Engine/Content/EditorMaterials/ParticleSystems/PSysThumbnail_NoImage.uasset" 775
"../../../Engine/Content/EditorMaterials/ParticleSystems/PSysThumbnail_NoImage.uexp" 776
"../../../Engine/Plugins/Runtime/HairStrands/Content/Materials/HairMeshesDefaultMaterial.uasset" 777
"../../../Engine/Plugins/Runtime/HairStrands/Content/Materials/HairMeshesDefaultMaterial.uexp" 778
"../../../Engine/Content/EditorMaterials/ParticleSystems/PSysThumbnail_OOD.ubulk" 779
"../../../Engine/Content/EditorMaterials/ParticleSystems/PSysThumbnail_OOD.uasset" 780
"../../../Engine/Content/EditorMaterials/ParticleSystems/PSysThumbnail_OOD.uexp" 781
"../../../Engine/Content/EditorResources/SequenceRecorder/Countdown.uasset" 782
"../../../Engine/Content/EditorResources/SequenceRecorder/Countdown.uexp" 783
"../../../Engine/Content/EditorResources/SequenceRecorder/RecordingIndicator.uasset" 784
"../../../Engine/Content/EditorResources/SequenceRecorder/RecordingIndicator.uexp" 785
"../../../Engine/Content/EditorMaterials/Camera/CineMat.uasset" 786
"../../../Engine/Content/EditorMaterials/Camera/CineMat.uexp" 787
"../../../Engine/Content/EditorMaterials/Camera/MI_CineMat_Rig.uasset" 788
"../../../Engine/Content/EditorMaterials/Camera/MI_CineMat_Rig.uexp" 789
"../../../Engine/Content/EditorMeshes/Camera/SM_CraneRig_Arm.ubulk" 790
"../../../Engine/Content/EditorMeshes/Camera/SM_CraneRig_Arm.uasset" 791
"../../../Engine/Content/EditorMeshes/Camera/SM_CraneRig_Arm.uexp" 792
"../../../Engine/Content/EditorMeshes/Camera/SM_CraneRig_Base.ubulk" 793
"../../../Engine/Content/EditorMeshes/Camera/SM_CraneRig_Base.uasset" 794
"../../../Engine/Content/EditorMeshes/Camera/SM_CraneRig_Base.uexp" 795
"../../../Engine/Content/EditorMeshes/Camera/SM_CraneRig_Body.ubulk" 796
"../../../Engine/Content/EditorMeshes/Camera/SM_CraneRig_Body.uasset" 797
"../../../Engine/Content/EditorMeshes/Camera/SM_CraneRig_Body.uexp" 798
"../../../Engine/Content/EditorMeshes/Camera/SM_CraneRig_Mount.ubulk" 799
"../../../Engine/Content/EditorMeshes/Camera/SM_CraneRig_Mount.uasset" 800
"../../../Engine/Content/EditorMeshes/Camera/SM_CraneRig_Mount.uexp" 801
"../../../Engine/Content/EditorMeshes/Camera/SM_RailRig_Mount.ubulk" 802
"../../../Engine/Content/EditorMeshes/Camera/SM_RailRig_Mount.uasset" 803
"../../../Engine/Content/EditorMeshes/Camera/SM_RailRig_Mount.uexp" 804
"../../../Engine/Content/EditorMeshes/Camera/SM_RailRig_Track.ubulk" 805
"../../../Engine/Content/EditorMeshes/Camera/SM_RailRig_Track.uasset" 806
"../../../Engine/Content/EditorMeshes/Camera/SM_RailRig_Track.uexp" 807
"../../../Engine/Content/Functions/Engine_MaterialFunctions01/Texturing/FlattenNormal.uasset" 808
"../../../Engine/Content/Functions/Engine_MaterialFunctions01/Texturing/FlattenNormal.uexp" 809
"../../../Engine/Plugins/Interchange/Assets/Content/Utilities/New_LUT.uasset" 810
"../../../Engine/Plugins/Interchange/Assets/Content/Utilities/New_LUT.uexp" 811
"../../../Engine/Content/Functions/Engine_MaterialFunctions03/Math/RemapValueRange.uasset" 812
"../../../Engine/Content/Functions/Engine_MaterialFunctions03/Math/RemapValueRange.uexp" 813
"../../../Engine/Plugins/Interchange/Assets/Content/Functions/MF_Iridescence.uasset" 814
"../../../Engine/Plugins/Interchange/Assets/Content/Functions/MF_Iridescence.uexp" 815
"../../../Engine/Plugins/Interchange/Assets/Content/gltf/Textures/T_White_srgb.uasset" 816
"../../../Engine/Plugins/Interchange/Assets/Content/gltf/Textures/T_White_srgb.uexp" 817
"../../../Engine/Plugins/Interchange/Assets/Content/gltf/MaterialFunctions/MF_BaseColor.uasset" 818
"../../../Engine/Plugins/Interchange/Assets/Content/gltf/MaterialFunctions/MF_BaseColor.uexp" 819
"../../../Engine/Plugins/Interchange/Assets/Content/gltf/MaterialFunctions/MF_RotateNormals_TS.uasset" 820
"../../../Engine/Plugins/Interchange/Assets/Content/gltf/MaterialFunctions/MF_RotateNormals_TS.uexp" 821
"../../../Engine/Plugins/Interchange/Assets/Content/gltf/Textures/T_Generic_N.uasset" 822
"../../../Engine/Plugins/Interchange/Assets/Content/gltf/Textures/T_Generic_N.uexp" 823
"../../../Engine/Plugins/Interchange/Assets/Content/gltf/Textures/T_White_Linear.uasset" 824
"../../../Engine/Plugins/Interchange/Assets/Content/gltf/Textures/T_White_Linear.uexp" 825
"../../../Engine/Plugins/Interchange/Assets/Content/gltf/MaterialFunctions/MF_Clearcoat.uasset" 826
"../../../Engine/Plugins/Interchange/Assets/Content/gltf/MaterialFunctions/MF_Clearcoat.uexp" 827
"../../../Engine/Plugins/Interchange/Assets/Content/gltf/MaterialFunctions/MF_Emissive.uasset" 828
"../../../Engine/Plugins/Interchange/Assets/Content/gltf/MaterialFunctions/MF_Emissive.uexp" 829
"../../../Engine/Plugins/Interchange/Assets/Content/gltf/MaterialFunctions/MF_IOR.uasset" 830
"../../../Engine/Plugins/Interchange/Assets/Content/gltf/MaterialFunctions/MF_IOR.uexp" 831
"../../../Engine/Plugins/Interchange/Assets/Content/gltf/MaterialFunctions/MF_Iridescence.uasset" 832
"../../../Engine/Plugins/Interchange/Assets/Content/gltf/MaterialFunctions/MF_Iridescence.uexp" 833
"../../../Engine/Plugins/Interchange/Assets/Content/gltf/MaterialFunctions/MF_MetallicRoughness.uasset" 834
"../../../Engine/Plugins/Interchange/Assets/Content/gltf/MaterialFunctions/MF_MetallicRoughness.uexp" 835
"../../../Engine/Plugins/Interchange/Assets/Content/gltf/MaterialFunctions/MF_ScaleNormal.uasset" 836
"../../../Engine/Plugins/Interchange/Assets/Content/gltf/MaterialFunctions/MF_ScaleNormal.uexp" 837
"../../../Engine/Plugins/Interchange/Assets/Content/gltf/MaterialFunctions/MF_Normals.uasset" 838
"../../../Engine/Plugins/Interchange/Assets/Content/gltf/MaterialFunctions/MF_Normals.uexp" 839
"../../../Engine/Plugins/Interchange/Assets/Content/gltf/MaterialFunctions/MF_Occlusion.uasset" 840
"../../../Engine/Plugins/Interchange/Assets/Content/gltf/MaterialFunctions/MF_Occlusion.uexp" 841
"../../../Engine/Plugins/Interchange/Assets/Content/gltf/MaterialFunctions/MF_Specular.uasset" 842
"../../../Engine/Plugins/Interchange/Assets/Content/gltf/MaterialFunctions/MF_Specular.uexp" 843
"../../../Engine/Plugins/Interchange/Assets/Content/gltf/Textures/T_Anisotropy_Direction_Linear.uasset" 844
"../../../Engine/Plugins/Interchange/Assets/Content/gltf/Textures/T_Anisotropy_Direction_Linear.uexp" 845
"../../../Engine/Plugins/Interchange/Assets/Content/gltf/MaterialFunctions/MF_SpecularAnisotropy.uasset" 846
"../../../Engine/Plugins/Interchange/Assets/Content/gltf/MaterialFunctions/MF_SpecularAnisotropy.uexp" 847
"../../../Engine/Plugins/Interchange/Assets/Content/gltf/MaterialFunctions/MF_RotateV2.uasset" 848
"../../../Engine/Plugins/Interchange/Assets/Content/gltf/MaterialFunctions/MF_RotateV2.uexp" 849
"../../../Engine/Plugins/Interchange/Assets/Content/gltf/MaterialFunctions/MF_TransformUVs.uasset" 850
"../../../Engine/Plugins/Interchange/Assets/Content/gltf/MaterialFunctions/MF_TransformUVs.uexp" 851
"../../../Engine/Plugins/Interchange/Assets/Content/gltf/MaterialBodies/MF_ClearCoat_Body.uasset" 852
"../../../Engine/Plugins/Interchange/Assets/Content/gltf/MaterialBodies/MF_ClearCoat_Body.uexp" 853
"../../../Engine/Plugins/Interchange/Assets/Content/gltf/M_ClearCoat.uasset" 854
"../../../Engine/Plugins/Interchange/Assets/Content/gltf/M_ClearCoat.uexp" 855
"../../../Engine/Plugins/Interchange/Assets/Content/gltf/MaterialInstances/MI_ClearCoat_Blend.uasset" 856
"../../../Engine/Plugins/Interchange/Assets/Content/gltf/MaterialInstances/MI_ClearCoat_Blend.uexp" 857
"../../../Engine/Plugins/Interchange/Assets/Content/gltf/MaterialInstances/MI_ClearCoat_Blend_DS.uasset" 858
"../../../Engine/Plugins/Interchange/Assets/Content/gltf/MaterialInstances/MI_ClearCoat_Blend_DS.uexp" 859
"../../../Engine/Plugins/Interchange/Assets/Content/gltf/MaterialInstances/MI_ClearCoat_Mask.uasset" 860
"../../../Engine/Plugins/Interchange/Assets/Content/gltf/MaterialInstances/MI_ClearCoat_Mask.uexp" 861
"../../../Engine/Plugins/Interchange/Assets/Content/gltf/MaterialInstances/MI_ClearCoat_Mask_DS.uasset" 862
"../../../Engine/Plugins/Interchange/Assets/Content/gltf/MaterialInstances/MI_ClearCoat_Mask_DS.uexp" 863
"../../../Engine/Plugins/Interchange/Assets/Content/gltf/MaterialInstances/MI_ClearCoat_Opaque.uasset" 864
"../../../Engine/Plugins/Interchange/Assets/Content/gltf/MaterialInstances/MI_ClearCoat_Opaque.uexp" 865
"../../../Engine/Plugins/Interchange/Assets/Content/gltf/MaterialInstances/MI_ClearCoat_Opaque_DS.uasset" 866
"../../../Engine/Plugins/Interchange/Assets/Content/gltf/MaterialInstances/MI_ClearCoat_Opaque_DS.uexp" 867
"../../../Engine/Plugins/Interchange/Assets/Content/gltf/MaterialBodies/MF_Default_Body.uasset" 868
"../../../Engine/Plugins/Interchange/Assets/Content/gltf/MaterialBodies/MF_Default_Body.uexp" 869
"../../../Engine/Plugins/Interchange/Assets/Content/gltf/M_Default.uasset" 870
"../../../Engine/Plugins/Interchange/Assets/Content/gltf/M_Default.uexp" 871
"../../../Engine/Plugins/Interchange/Assets/Content/gltf/MaterialInstances/MI_Default_Blend.uasset" 872
"../../../Engine/Plugins/Interchange/Assets/Content/gltf/MaterialInstances/MI_Default_Blend.uexp" 873
"../../../Engine/Plugins/Interchange/Assets/Content/gltf/MaterialInstances/MI_Default_Blend_DS.uasset" 874
"../../../Engine/Plugins/Interchange/Assets/Content/gltf/MaterialInstances/MI_Default_Blend_DS.uexp" 875
"../../../Engine/Plugins/Interchange/Assets/Content/gltf/MaterialInstances/MI_Default_Mask.uasset" 876
"../../../Engine/Plugins/Interchange/Assets/Content/gltf/MaterialInstances/MI_Default_Mask.uexp" 877
"../../../Engine/Plugins/Interchange/Assets/Content/gltf/MaterialInstances/MI_Default_Mask_DS.uasset" 878
"../../../Engine/Plugins/Interchange/Assets/Content/gltf/MaterialInstances/MI_Default_Mask_DS.uexp" 879
"../../../Engine/Plugins/Interchange/Assets/Content/gltf/MaterialInstances/MI_Default_Opaque.uasset" 880
"../../../Engine/Plugins/Interchange/Assets/Content/gltf/MaterialInstances/MI_Default_Opaque.uexp" 881
"../../../Engine/Plugins/Interchange/Assets/Content/gltf/MaterialInstances/MI_Default_Opaque_DS.uasset" 882
"../../../Engine/Plugins/Interchange/Assets/Content/gltf/MaterialInstances/MI_Default_Opaque_DS.uexp" 883
"../../../Engine/Plugins/Interchange/Assets/Content/gltf/MaterialFunctions/MF_Sheen.uasset" 884
"../../../Engine/Plugins/Interchange/Assets/Content/gltf/MaterialFunctions/MF_Sheen.uexp" 885
"../../../Engine/Plugins/Interchange/Assets/Content/gltf/MaterialBodies/MF_Sheen_Body.uasset" 886
"../../../Engine/Plugins/Interchange/Assets/Content/gltf/MaterialBodies/MF_Sheen_Body.uexp" 887
"../../../Engine/Plugins/Interchange/Assets/Content/gltf/M_Sheen.uasset" 888
"../../../Engine/Plugins/Interchange/Assets/Content/gltf/M_Sheen.uexp" 889
"../../../Engine/Plugins/Interchange/Assets/Content/gltf/MaterialInstances/MI_Sheen_Blend.uasset" 890
"../../../Engine/Plugins/Interchange/Assets/Content/gltf/MaterialInstances/MI_Sheen_Blend.uexp" 891
"../../../Engine/Plugins/Interchange/Assets/Content/gltf/MaterialInstances/MI_Sheen_Blend_DS.uasset" 892
"../../../Engine/Plugins/Interchange/Assets/Content/gltf/MaterialInstances/MI_Sheen_Blend_DS.uexp" 893
"../../../Engine/Plugins/Interchange/Assets/Content/gltf/MaterialInstances/MI_Sheen_Mask.uasset" 894
"../../../Engine/Plugins/Interchange/Assets/Content/gltf/MaterialInstances/MI_Sheen_Mask.uexp" 895
"../../../Engine/Plugins/Interchange/Assets/Content/gltf/MaterialInstances/MI_Sheen_Mask_DS.uasset" 896
"../../../Engine/Plugins/Interchange/Assets/Content/gltf/MaterialInstances/MI_Sheen_Mask_DS.uexp" 897
"../../../Engine/Plugins/Interchange/Assets/Content/gltf/MaterialInstances/MI_Sheen_Opaque.uasset" 898
"../../../Engine/Plugins/Interchange/Assets/Content/gltf/MaterialInstances/MI_Sheen_Opaque.uexp" 899
"../../../Engine/Plugins/Interchange/Assets/Content/gltf/MaterialInstances/MI_Sheen_Opaque_DS.uasset" 900
"../../../Engine/Plugins/Interchange/Assets/Content/gltf/MaterialInstances/MI_Sheen_Opaque_DS.uexp" 901
"../../../Engine/Plugins/Interchange/Assets/Content/gltf/MaterialFunctions/MF_DiffuseSpecGloss.uasset" 902
"../../../Engine/Plugins/Interchange/Assets/Content/gltf/MaterialFunctions/MF_DiffuseSpecGloss.uexp" 903
"../../../Engine/Plugins/Interchange/Assets/Content/gltf/MaterialFunctions/MF_MaxComponentValue.uasset" 904
"../../../Engine/Plugins/Interchange/Assets/Content/gltf/MaterialFunctions/MF_MaxComponentValue.uexp" 905
"../../../Engine/Content/Functions/Engine_MaterialFunctions02/Math/AddComponents.uasset" 906
"../../../Engine/Content/Functions/Engine_MaterialFunctions02/Math/AddComponents.uexp" 907
"../../../Engine/Plugins/Interchange/Assets/Content/gltf/MaterialFunctions/MF_PerceivedBrightness.uasset" 908
"../../../Engine/Plugins/Interchange/Assets/Content/gltf/MaterialFunctions/MF_PerceivedBrightness.uexp" 909
"../../../Engine/Plugins/Interchange/Assets/Content/gltf/MaterialFunctions/MF_SpecGlossToMetalRoughness.uasset" 910
"../../../Engine/Plugins/Interchange/Assets/Content/gltf/MaterialFunctions/MF_SpecGlossToMetalRoughness.uexp" 911
"../../../Engine/Plugins/Interchange/Assets/Content/gltf/MaterialBodies/MF_SpecularGlossiness_Body.uasset" 912
"../../../Engine/Plugins/Interchange/Assets/Content/gltf/MaterialBodies/MF_SpecularGlossiness_Body.uexp" 913
"../../../Engine/Plugins/Interchange/Assets/Content/gltf/M_SpecularGlossiness.uasset" 914
"../../../Engine/Plugins/Interchange/Assets/Content/gltf/M_SpecularGlossiness.uexp" 915
"../../../Engine/Plugins/Interchange/Assets/Content/gltf/MaterialInstances/MI_SpecularGlossiness_Blend.uasset" 916
"../../../Engine/Plugins/Interchange/Assets/Content/gltf/MaterialInstances/MI_SpecularGlossiness_Blend.uexp" 917
"../../../Engine/Plugins/Interchange/Assets/Content/gltf/MaterialInstances/MI_SpecularGlossiness_Blend_DS.uasset" 918
"../../../Engine/Plugins/Interchange/Assets/Content/gltf/MaterialInstances/MI_SpecularGlossiness_Blend_DS.uexp" 919
"../../../Engine/Plugins/Interchange/Assets/Content/gltf/MaterialInstances/MI_SpecularGlossiness_Mask.uasset" 920
"../../../Engine/Plugins/Interchange/Assets/Content/gltf/MaterialInstances/MI_SpecularGlossiness_Mask.uexp" 921
"../../../Engine/Plugins/Interchange/Assets/Content/gltf/MaterialInstances/MI_SpecularGlossiness_Mask_DS.uasset" 922
"../../../Engine/Plugins/Interchange/Assets/Content/gltf/MaterialInstances/MI_SpecularGlossiness_Mask_DS.uexp" 923
"../../../Engine/Plugins/Interchange/Assets/Content/gltf/MaterialInstances/MI_SpecularGlossiness_Opaque.uasset" 924
"../../../Engine/Plugins/Interchange/Assets/Content/gltf/MaterialInstances/MI_SpecularGlossiness_Opaque.uexp" 925
"../../../Engine/Plugins/Interchange/Assets/Content/gltf/MaterialInstances/MI_SpecularGlossiness_Opaque_DS.uasset" 926
"../../../Engine/Plugins/Interchange/Assets/Content/gltf/MaterialInstances/MI_SpecularGlossiness_Opaque_DS.uexp" 927
"../../../Engine/Content/EngineMaterials/Good64x64TilingNoiseHighFreq.uasset" 928
"../../../Engine/Content/EngineMaterials/Good64x64TilingNoiseHighFreq.uexp" 929
"../../../Engine/Content/Functions/Engine_MaterialFunctions02/Texturing/ScreenAlignedPixelToPixelUVs.uasset" 930
"../../../Engine/Content/Functions/Engine_MaterialFunctions02/Texturing/ScreenAlignedPixelToPixelUVs.uexp" 931
"../../../Engine/Plugins/Interchange/Assets/Content/gltf/MaterialFunctions/MF_Fresnel_DS.uasset" 932
"../../../Engine/Plugins/Interchange/Assets/Content/gltf/MaterialFunctions/MF_Fresnel_DS.uexp" 933
"../../../Engine/Plugins/Interchange/Assets/Content/gltf/MaterialFunctions/MF_Temporal_Blur.uasset" 934
"../../../Engine/Plugins/Interchange/Assets/Content/gltf/MaterialFunctions/MF_Temporal_Blur.uexp" 935
"../../../Engine/Plugins/Interchange/Assets/Content/gltf/MaterialFunctions/MF_Transmission.uasset" 936
"../../../Engine/Plugins/Interchange/Assets/Content/gltf/MaterialFunctions/MF_Transmission.uexp" 937
"../../../Engine/Plugins/Interchange/Assets/Content/gltf/MaterialBodies/MF_Transmission_Body.uasset" 938
"../../../Engine/Plugins/Interchange/Assets/Content/gltf/MaterialBodies/MF_Transmission_Body.uexp" 939
"../../../Engine/Plugins/Interchange/Assets/Content/gltf/M_Transmission.uasset" 940
"../../../Engine/Plugins/Interchange/Assets/Content/gltf/M_Transmission.uexp" 941
"../../../Engine/Plugins/Interchange/Assets/Content/gltf/MaterialInstances/MI_Transmission.uasset" 942
"../../../Engine/Plugins/Interchange/Assets/Content/gltf/MaterialInstances/MI_Transmission.uexp" 943
"../../../Engine/Plugins/Interchange/Assets/Content/gltf/MaterialInstances/MI_Transmission_DS.uasset" 944
"../../../Engine/Plugins/Interchange/Assets/Content/gltf/MaterialInstances/MI_Transmission_DS.uexp" 945
"../../../Engine/Plugins/Interchange/Assets/Content/gltf/MaterialBodies/MF_Unlit_Body.uasset" 946
"../../../Engine/Plugins/Interchange/Assets/Content/gltf/MaterialBodies/MF_Unlit_Body.uexp" 947
"../../../Engine/Plugins/Interchange/Assets/Content/gltf/M_Unlit.uasset" 948
"../../../Engine/Plugins/Interchange/Assets/Content/gltf/M_Unlit.uexp" 949
"../../../Engine/Plugins/Interchange/Assets/Content/gltf/MaterialInstances/MI_Unlit_Blend.uasset" 950
"../../../Engine/Plugins/Interchange/Assets/Content/gltf/MaterialInstances/MI_Unlit_Blend.uexp" 951
"../../../Engine/Plugins/Interchange/Assets/Content/gltf/MaterialInstances/MI_Unlit_Blend_DS.uasset" 952
"../../../Engine/Plugins/Interchange/Assets/Content/gltf/MaterialInstances/MI_Unlit_Blend_DS.uexp" 953
"../../../Engine/Plugins/Interchange/Assets/Content/gltf/MaterialInstances/MI_Unlit_Mask.uasset" 954
"../../../Engine/Plugins/Interchange/Assets/Content/gltf/MaterialInstances/MI_Unlit_Mask.uexp" 955
"../../../Engine/Plugins/Interchange/Assets/Content/gltf/MaterialInstances/MI_Unlit_Mask_DS.uasset" 956
"../../../Engine/Plugins/Interchange/Assets/Content/gltf/MaterialInstances/MI_Unlit_Mask_DS.uexp" 957
"../../../Engine/Plugins/Interchange/Assets/Content/gltf/MaterialInstances/MI_Unlit_Opaque.uasset" 958
"../../../Engine/Plugins/Interchange/Assets/Content/gltf/MaterialInstances/MI_Unlit_Opaque.uexp" 959
"../../../Engine/Plugins/Interchange/Assets/Content/gltf/MaterialInstances/MI_Unlit_Opaque_DS.uasset" 960
"../../../Engine/Plugins/Interchange/Assets/Content/gltf/MaterialInstances/MI_Unlit_Opaque_DS.uexp" 961
"../../../Engine/Content/VREditor/TransformGizmo/BoundingBoxCorner.ubulk" 962
"../../../Engine/Content/VREditor/TransformGizmo/BoundingBoxCorner.uasset" 963
"../../../Engine/Content/VREditor/TransformGizmo/BoundingBoxCorner.uexp" 964
"../../../Engine/Content/VREditor/TransformGizmo/BoundingBoxEdge.ubulk" 965
"../../../Engine/Content/VREditor/TransformGizmo/BoundingBoxEdge.uasset" 966
"../../../Engine/Content/VREditor/TransformGizmo/BoundingBoxEdge.uexp" 967
"../../../Engine/Content/ArtTools/RenderToTexture/Meshes/S_1_Unit_Plane.ubulk" 968
"../../../Engine/Content/ArtTools/RenderToTexture/Meshes/S_1_Unit_Plane.uasset" 969
"../../../Engine/Content/ArtTools/RenderToTexture/Meshes/S_1_Unit_Plane.uexp" 970
"../../../Engine/Content/EngineMaterials/Substrate/GLints/AGlintTex2dArray.uasset" 971
"../../../Engine/Content/EngineMaterials/Substrate/GLints/AGlintTex2dArray.uexp" 972
"../../../Engine/Content/EngineMaterials/Substrate/Glints2/AGlintTex2dArray2.uasset" 973
"../../../Engine/Content/EngineMaterials/Substrate/Glints2/AGlintTex2dArray2.uexp" 974
"../../../Engine/Content/Functions/Engine_MaterialFunctions01/Shading/ConvertFromDiffSpec.uasset" 975
"../../../Engine/Content/Functions/Engine_MaterialFunctions01/Shading/ConvertFromDiffSpec.uexp" 976
"../../../Engine/Content/Functions/Engine_MaterialFunctions01/Shading/PowerToRoughness.uasset" 977
"../../../Engine/Content/Functions/Engine_MaterialFunctions01/Shading/PowerToRoughness.uexp" 978
"../../../Engine/Content/EngineMaterials/Substrate/Volume/SubstrateSimpleVolumeEnvLUT3D.uasset" 979
"../../../Engine/Content/EngineMaterials/Substrate/Volume/SubstrateSimpleVolumeEnvLUT3D.uexp" 980
"../../../Engine/Content/EngineMaterials/Substrate/Volume/SubstrateSimpleVolumeLUT3D.uasset" 981
"../../../Engine/Content/EngineMaterials/Substrate/Volume/SubstrateSimpleVolumeLUT3D.uexp" 982
"../../../Engine/Content/Functions/Engine_MaterialFunctions01/Gradient/LinearGradient.uasset" 983
"../../../Engine/Content/Functions/Engine_MaterialFunctions01/Gradient/LinearGradient.uexp" 984
"../../../Engine/Content/Functions/Engine_MaterialFunctions01/ImageAdjustment/CheapContrast.uasset" 985
"../../../Engine/Content/Functions/Engine_MaterialFunctions01/ImageAdjustment/CheapContrast.uexp" 986
"D:/Youtube_Game/Unreal_File/PIGGY_Runner/Content/LevelPrototyping/Textures/T_GridChecker_A.ubulk" 987
"D:/Youtube_Game/Unreal_File/PIGGY_Runner/Content/LevelPrototyping/Textures/T_GridChecker_A.uasset" 988
"D:/Youtube_Game/Unreal_File/PIGGY_Runner/Content/LevelPrototyping/Textures/T_GridChecker_A.uexp" 989
"D:/Youtube_Game/Unreal_File/PIGGY_Runner/Content/LevelPrototyping/Materials/MF_ProcGrid.uasset" 990
"D:/Youtube_Game/Unreal_File/PIGGY_Runner/Content/LevelPrototyping/Materials/MF_ProcGrid.uexp" 991
"D:/Youtube_Game/Unreal_File/PIGGY_Runner/Content/LevelPrototyping/Materials/M_PrototypeGrid.uasset" 992
"D:/Youtube_Game/Unreal_File/PIGGY_Runner/Content/LevelPrototyping/Materials/M_PrototypeGrid.uexp" 993
"D:/Youtube_Game/Unreal_File/PIGGY_Runner/Content/LevelPrototyping/Materials/MI_PrototypeGrid_Gray.uasset" 994
"D:/Youtube_Game/Unreal_File/PIGGY_Runner/Content/LevelPrototyping/Materials/MI_PrototypeGrid_Gray.uexp" 995
"D:/Youtube_Game/Unreal_File/PIGGY_Runner/Content/LevelPrototyping/Meshes/SM_Cube.ubulk" 996
"D:/Youtube_Game/Unreal_File/PIGGY_Runner/Content/LevelPrototyping/Meshes/SM_Cube.uasset" 997
"D:/Youtube_Game/Unreal_File/PIGGY_Runner/Content/LevelPrototyping/Meshes/SM_Cube.uexp" 998
"../../../Engine/Content/EngineMeshes/Cube.ubulk" 999
"../../../Engine/Content/EngineMeshes/Cube.uasset" 1000
"../../../Engine/Content/EngineMeshes/Cube.uexp" 1001
"../../../Engine/Content/Functions/Engine_MaterialFunctions02/HueShift.uasset" 1002
"../../../Engine/Content/Functions/Engine_MaterialFunctions02/HueShift.uexp" 1003
"../../../Engine/Content/Functions/Engine_MaterialFunctions02/ExampleContent/HueShift_Mat.uasset" 1004
"../../../Engine/Content/Functions/Engine_MaterialFunctions02/ExampleContent/HueShift_Mat.uexp" 1005
"D:/Youtube_Game/Unreal_File/PIGGY_Runner/Content/Blueprints/BP_moving.uasset" 1006
"D:/Youtube_Game/Unreal_File/PIGGY_Runner/Content/Blueprints/BP_moving.uexp" 1007
"../../../Engine/Content/Functions/Engine_MaterialFunctions02/ScreenResolution.uasset" 1008
"../../../Engine/Content/Functions/Engine_MaterialFunctions02/ScreenResolution.uexp" 1009
"../../../Engine/Content/EngineMaterials/Grid.ubulk" 1010
"../../../Engine/Content/EngineMaterials/Grid.uasset" 1011
"../../../Engine/Content/EngineMaterials/Grid.uexp" 1012
"../../../Engine/Content/Functions/Engine_MaterialFunctions01/Texturing/WorldAlignedTexture.uasset" 1013
"../../../Engine/Content/Functions/Engine_MaterialFunctions01/Texturing/WorldAlignedTexture.uexp" 1014
"../../../Engine/Content/EditorMaterials/GeometryCollection/SelectedGeometryMaterial.uasset" 1015
"../../../Engine/Content/EditorMaterials/GeometryCollection/SelectedGeometryMaterial.uexp" 1016
"../../../Engine/Content/TemplateResources/M_Template_Master.uasset" 1017
"../../../Engine/Content/TemplateResources/M_Template_Master.uexp" 1018
"../../../Engine/Content/TemplateResources/MI_Template_BaseGray_Metal.uasset" 1019
"../../../Engine/Content/TemplateResources/MI_Template_BaseGray_Metal.uexp" 1020
"D:/Youtube_Game/Unreal_File/PIGGY_Runner/Content/LevelPrototyping/Materials/M_Solid.uasset" 1021
"D:/Youtube_Game/Unreal_File/PIGGY_Runner/Content/LevelPrototyping/Materials/M_Solid.uexp" 1022
"D:/Youtube_Game/Unreal_File/PIGGY_Runner/Content/LevelPrototyping/Materials/MI_Solid_Blue.uasset" 1023
"D:/Youtube_Game/Unreal_File/PIGGY_Runner/Content/LevelPrototyping/Materials/MI_Solid_Blue.uexp" 1024
"D:/Youtube_Game/Unreal_File/PIGGY_Runner/Content/LevelPrototyping/Meshes/SM_ChamferCube.ubulk" 1025
"D:/Youtube_Game/Unreal_File/PIGGY_Runner/Content/LevelPrototyping/Meshes/SM_ChamferCube.uasset" 1026
"D:/Youtube_Game/Unreal_File/PIGGY_Runner/Content/LevelPrototyping/Meshes/SM_ChamferCube.uexp" 1027
"D:/Youtube_Game/Unreal_File/PIGGY_Runner/Content/Blueprints/B_door.uasset" 1028
"D:/Youtube_Game/Unreal_File/PIGGY_Runner/Content/Blueprints/B_door.uexp" 1029
"D:/Youtube_Game/Unreal_File/PIGGY_Runner/Content/Blueprints/Pressplate_BP.uasset" 1030
"D:/Youtube_Game/Unreal_File/PIGGY_Runner/Content/Blueprints/Pressplate_BP.uexp" 1031
"../../../Engine/Plugins/Interchange/Runtime/Content/Pipelines/DefaultAssetsPipeline.uasset" 1032
"../../../Engine/Plugins/Interchange/Runtime/Content/Pipelines/DefaultAssetsPipeline.uexp" 1033
"../../../Engine/Plugins/Interchange/Runtime/Content/Pipelines/DefaultAudioPipeline.uasset" 1034
"../../../Engine/Plugins/Interchange/Runtime/Content/Pipelines/DefaultAudioPipeline.uexp" 1035
"../../../Engine/Plugins/Interchange/Runtime/Content/Pipelines/DefaultGLTFAssetsPipeline.uasset" 1036
"../../../Engine/Plugins/Interchange/Runtime/Content/Pipelines/DefaultGLTFAssetsPipeline.uexp" 1037
"../../../Engine/Plugins/Interchange/Runtime/Content/Pipelines/DefaultGLTFPipeline.uasset" 1038
"../../../Engine/Plugins/Interchange/Runtime/Content/Pipelines/DefaultGLTFPipeline.uexp" 1039
"../../../Engine/Plugins/Interchange/Runtime/Content/Pipelines/DefaultGLTFSceneAssetsPipeline.uasset" 1040
"../../../Engine/Plugins/Interchange/Runtime/Content/Pipelines/DefaultGLTFSceneAssetsPipeline.uexp" 1041
"../../../Engine/Plugins/Interchange/Runtime/Content/Pipelines/DefaultMaterialPipeline.uasset" 1042
"../../../Engine/Plugins/Interchange/Runtime/Content/Pipelines/DefaultMaterialPipeline.uexp" 1043
"../../../Engine/Plugins/Interchange/Runtime/Content/Pipelines/DefaultMaterialXPipeline.uasset" 1044
"../../../Engine/Plugins/Interchange/Runtime/Content/Pipelines/DefaultMaterialXPipeline.uexp" 1045
"../../../Engine/Plugins/Interchange/Runtime/Content/Pipelines/DefaultSceneAssetsPipeline.uasset" 1046
"../../../Engine/Plugins/Interchange/Runtime/Content/Pipelines/DefaultSceneAssetsPipeline.uexp" 1047
"../../../Engine/Plugins/Interchange/Runtime/Content/Pipelines/DefaultSceneLevelPipeline.uasset" 1048
"../../../Engine/Plugins/Interchange/Runtime/Content/Pipelines/DefaultSceneLevelPipeline.uexp" 1049
"../../../Engine/Plugins/Interchange/Runtime/Content/Pipelines/DefaultTexturePipeline.uasset" 1050
"../../../Engine/Plugins/Interchange/Runtime/Content/Pipelines/DefaultTexturePipeline.uexp" 1051
"../../../Engine/Content/Maps/Entry_BuiltData.uasset" 1052
"../../../Engine/Content/Maps/Entry_BuiltData.uexp" 1053
"../../../Engine/Content/Maps/Entry.uexp" 1054
"../../../Engine/Content/Maps/Entry.umap" 1055
"D:/Youtube_Game/Unreal_File/PIGGY_Runner/Content/UI/Menu_GM.uasset" 1056
"D:/Youtube_Game/Unreal_File/PIGGY_Runner/Content/UI/Menu_GM.uexp" 1057
"D:/Youtube_Game/Unreal_File/PIGGY_Runner/Content/UI/ac04b269-2dcb-45ac-b5a3-3c6e4f520f72.uasset" 1058
"D:/Youtube_Game/Unreal_File/PIGGY_Runner/Content/UI/ac04b269-2dcb-45ac-b5a3-3c6e4f520f72.uexp" 1059
"D:/Youtube_Game/Unreal_File/PIGGY_Runner/Content/Blueprints/Options_menu.uasset" 1060
"D:/Youtube_Game/Unreal_File/PIGGY_Runner/Content/Blueprints/Options_menu.uexp" 1061
"D:/Youtube_Game/Unreal_File/PIGGY_Runner/Content/UI/9ecac260-d9e2-42ef-8d69-ceeab3e14e4d.uasset" 1062
"D:/Youtube_Game/Unreal_File/PIGGY_Runner/Content/UI/9ecac260-d9e2-42ef-8d69-ceeab3e14e4d.uexp" 1063
"D:/Youtube_Game/Unreal_File/PIGGY_Runner/Content/UI/UW_Mainmenu.uasset" 1064
"D:/Youtube_Game/Unreal_File/PIGGY_Runner/Content/UI/UW_Mainmenu.uexp" 1065
"D:/Youtube_Game/Unreal_File/PIGGY_Runner/Content/MainMenue_wle.uexp" 1066
"D:/Youtube_Game/Unreal_File/PIGGY_Runner/Content/MainMenue_wle.umap" 1067
"D:/Youtube_Game/Unreal_File/PIGGY_Runner/Content/story_mode.uasset" 1068
"D:/Youtube_Game/Unreal_File/PIGGY_Runner/Content/story_mode.uexp" 1069
"D:/Youtube_Game/Unreal_File/PIGGY_Runner/Content/UI/9f41d7a7-2064-429d-94a6-576e2042558a.uasset" 1070
"D:/Youtube_Game/Unreal_File/PIGGY_Runner/Content/UI/9f41d7a7-2064-429d-94a6-576e2042558a.uexp" 1071
"D:/Youtube_Game/Unreal_File/PIGGY_Runner/Content/UI/Story.uasset" 1072
"D:/Youtube_Game/Unreal_File/PIGGY_Runner/Content/UI/Story.uexp" 1073
"D:/Youtube_Game/Unreal_File/PIGGY_Runner/Content/Story.uexp" 1074
"D:/Youtube_Game/Unreal_File/PIGGY_Runner/Content/Story.umap" 1075
"D:/Youtube_Game/Unreal_File/PIGGY_Runner/Content/UI/5080edee-8854-41eb-9f4f-70afec663eaf.uasset" 1076
"D:/Youtube_Game/Unreal_File/PIGGY_Runner/Content/UI/5080edee-8854-41eb-9f4f-70afec663eaf.uexp" 1077
"D:/Youtube_Game/Unreal_File/PIGGY_Runner/Content/Blueprints/Game_over.uasset" 1078
"D:/Youtube_Game/Unreal_File/PIGGY_Runner/Content/Blueprints/Game_over.uexp" 1079
"D:/Youtube_Game/Unreal_File/PIGGY_Runner/Content/Characters/Villager/Textures/T_Villager.ubulk" 1080
"D:/Youtube_Game/Unreal_File/PIGGY_Runner/Content/Characters/Villager/Textures/T_Villager.uasset" 1081
"D:/Youtube_Game/Unreal_File/PIGGY_Runner/Content/Characters/Villager/Textures/T_Villager.uexp" 1082
"D:/Youtube_Game/Unreal_File/PIGGY_Runner/Content/Characters/Villager/Textures/T_Villager_MRSS.ubulk" 1083
"D:/Youtube_Game/Unreal_File/PIGGY_Runner/Content/Characters/Villager/Textures/T_Villager_MRSS.uasset" 1084
"D:/Youtube_Game/Unreal_File/PIGGY_Runner/Content/Characters/Villager/Textures/T_Villager_MRSS.uexp" 1085
"D:/Youtube_Game/Unreal_File/PIGGY_Runner/Content/Characters/Villager/M_Body.uasset" 1086
"D:/Youtube_Game/Unreal_File/PIGGY_Runner/Content/Characters/Villager/M_Body.uexp" 1087
"D:/Youtube_Game/Unreal_File/PIGGY_Runner/Content/Characters/Villager/SKM_Villager_PhysicsAsset.uasset" 1088
"D:/Youtube_Game/Unreal_File/PIGGY_Runner/Content/Characters/Villager/SKM_Villager_PhysicsAsset.uexp" 1089
"D:/Youtube_Game/Unreal_File/PIGGY_Runner/Content/Characters/Villager/SKM_Villager_Skeleton.uasset" 1090
"D:/Youtube_Game/Unreal_File/PIGGY_Runner/Content/Characters/Villager/SKM_Villager_Skeleton.uexp" 1091
"D:/Youtube_Game/Unreal_File/PIGGY_Runner/Content/Characters/Villager/SKM_Villager.uasset" 1092
"D:/Youtube_Game/Unreal_File/PIGGY_Runner/Content/Characters/Villager/SKM_Villager.uexp" 1093
"../../../Engine/Plugins/Animation/ACLPlugin/Content/ACLAnimBoneCompressionSettings.uasset" 1094
"../../../Engine/Plugins/Animation/ACLPlugin/Content/ACLAnimBoneCompressionSettings.uexp" 1095
"../../../Engine/Plugins/Animation/ACLPlugin/Content/ACLAnimCurveCompressionSettings.uasset" 1096
"../../../Engine/Plugins/Animation/ACLPlugin/Content/ACLAnimCurveCompressionSettings.uexp" 1097
"../../../Engine/Content/Animation/DefaultVariableFrameStrippingSettings.uasset" 1098
"../../../Engine/Content/Animation/DefaultVariableFrameStrippingSettings.uexp" 1099
"D:/Youtube_Game/Unreal_File/PIGGY_Runner/Content/Characters/Villager/Animations/A_Jump.uasset" 1100
"D:/Youtube_Game/Unreal_File/PIGGY_Runner/Content/Characters/Villager/Animations/A_Jump.uexp" 1101
"D:/Youtube_Game/Unreal_File/PIGGY_Runner/Content/Characters/Villager/Animations/A_Idle.uasset" 1102
"D:/Youtube_Game/Unreal_File/PIGGY_Runner/Content/Characters/Villager/Animations/A_Idle.uexp" 1103
"D:/Youtube_Game/Unreal_File/PIGGY_Runner/Content/Characters/Villager/Animations/A_Walk.uasset" 1104
"D:/Youtube_Game/Unreal_File/PIGGY_Runner/Content/Characters/Villager/Animations/A_Walk.uexp" 1105
"D:/Youtube_Game/Unreal_File/PIGGY_Runner/Content/Characters/Villager/Animations/Village_Blendspace1D.uasset" 1106
"D:/Youtube_Game/Unreal_File/PIGGY_Runner/Content/Characters/Villager/Animations/Village_Blendspace1D.uexp" 1107
"D:/Youtube_Game/Unreal_File/PIGGY_Runner/Content/Characters/Villager/Animations/ABP_Villager.uasset" 1108
"D:/Youtube_Game/Unreal_File/PIGGY_Runner/Content/Characters/Villager/Animations/ABP_Villager.uexp" 1109
"D:/Youtube_Game/Unreal_File/PIGGY_Runner/Content/ThirdPerson/Input/Actions/IA_Jump.uasset" 1110
"D:/Youtube_Game/Unreal_File/PIGGY_Runner/Content/ThirdPerson/Input/Actions/IA_Jump.uexp" 1111
"D:/Youtube_Game/Unreal_File/PIGGY_Runner/Content/ThirdPerson/Input/Actions/IA_Look.uasset" 1112
"D:/Youtube_Game/Unreal_File/PIGGY_Runner/Content/ThirdPerson/Input/Actions/IA_Look.uexp" 1113
"D:/Youtube_Game/Unreal_File/PIGGY_Runner/Content/ThirdPerson/Input/Actions/IA_Move.uasset" 1114
"D:/Youtube_Game/Unreal_File/PIGGY_Runner/Content/ThirdPerson/Input/Actions/IA_Move.uexp" 1115
"D:/Youtube_Game/Unreal_File/PIGGY_Runner/Content/ThirdPerson/Input/IMC_Default.uasset" 1116
"D:/Youtube_Game/Unreal_File/PIGGY_Runner/Content/ThirdPerson/Input/IMC_Default.uexp" 1117
"D:/Youtube_Game/Unreal_File/PIGGY_Runner/Content/ThirdPerson/Blueprints/BP_ThirdPersonCharacter.uasset" 1118
"D:/Youtube_Game/Unreal_File/PIGGY_Runner/Content/ThirdPerson/Blueprints/BP_ThirdPersonCharacter.uexp" 1119
"D:/Youtube_Game/Unreal_File/PIGGY_Runner/Content/ThirdPerson/Blueprints/BP_ThirdPersonGameMode.uasset" 1120
"D:/Youtube_Game/Unreal_File/PIGGY_Runner/Content/ThirdPerson/Blueprints/BP_ThirdPersonGameMode.uexp" 1121
"D:/Youtube_Game/Unreal_File/PIGGY_Runner/Content/ThirdPerson/Maps/ThirdPersonMap.uexp" 1122
"D:/Youtube_Game/Unreal_File/PIGGY_Runner/Content/ThirdPerson/Maps/ThirdPersonMap.umap" 1123
